This file contains any messages produced by compilers while
running configure, to aid debugging if configure makes a mistake.

It was created by configure, which was
generated by GNU Autoconf 2.59.  Invocation command line was

  $ ./configure 

## --------- ##
## Platform. ##
## --------- ##

hostname = yongj-VirtualBox
uname -m = i686
uname -r = 3.0.0-25-generic
uname -s = Linux
uname -v = #41-Ubuntu SMP Mon Aug 13 17:59:54 UTC 2012

/usr/bin/uname -p = unknown
/bin/uname -X     = unknown

/bin/arch              = unknown
/usr/bin/arch -k       = unknown
/usr/convex/getsysinfo = unknown
hostinfo               = unknown
/bin/machine           = unknown
/usr/bin/oslevel       = unknown
/bin/universe          = unknown

PATH: /home/yongj/NS2/tcl8.4.13/unix
PATH: /home/yongj/NS2/tk8.4.13/unix
PATH: /home/yongj/NS2/bin
PATH: /home/yongj/NS2/bin
PATH: /home/yongj/NS2/tcl8.4.13/unix
PATH: //home/yongj/NS2/tk8.4.5/unix
PATH: /usr/lib/lightdm/lightdm
PATH: /usr/local/sbin
PATH: /usr/local/bin
PATH: /usr/sbin
PATH: /usr/bin
PATH: /sbin
PATH: /bin
PATH: /usr/games
PATH: /usr/bin/jvm/java-6-sun/bin
PATH: /usr/local/mysql/bin
PATH: /home/yongj/muduo/build/debug-install/include


## ----------- ##
## Core tests. ##
## ----------- ##

configure:1424: checking build system type
configure:1442: result: i686-pc-linux-gnu
configure:1450: checking host system type
configure:1464: result: i686-pc-linux-gnu
configure:1472: checking target system type
configure:1486: result: i686-pc-linux-gnu
configure:1547: checking for gcc
configure:1563: found /usr/bin/gcc
configure:1573: result: gcc
configure:1817: checking for C compiler version
configure:1820: gcc --version </dev/null >&5
gcc (Ubuntu/Linaro 4.6.1-9ubuntu3) 4.6.1
Copyright (C) 2011 Free Software Foundation, Inc.
This is free software; see the source for copying conditions.  There is NO
warranty; not even for MERCHANTABILITY or FITNESS FOR A PARTICULAR PURPOSE.

configure:1823: $? = 0
configure:1825: gcc -v </dev/null >&5
Using built-in specs.
COLLECT_GCC=gcc
COLLECT_LTO_WRAPPER=/usr/lib/gcc/i686-linux-gnu/4.6.1/lto-wrapper
Target: i686-linux-gnu
Configured with: ../src/configure -v --with-pkgversion='Ubuntu/Linaro 4.6.1-9ubuntu3' --with-bugurl=file:///usr/share/doc/gcc-4.6/README.Bugs --enable-languages=c,c++,fortran,objc,obj-c++,go --prefix=/usr --program-suffix=-4.6 --enable-shared --enable-linker-build-id --with-system-zlib --libexecdir=/usr/lib --without-included-gettext --enable-threads=posix --with-gxx-include-dir=/usr/include/c++/4.6 --libdir=/usr/lib --enable-nls --with-sysroot=/ --enable-clocale=gnu --enable-libstdcxx-debug --enable-libstdcxx-time=yes --enable-plugin --enable-objc-gc --enable-targets=all --disable-werror --with-arch-32=i686 --with-tune=generic --enable-checking=release --build=i686-linux-gnu --host=i686-linux-gnu --target=i686-linux-gnu
Thread model: posix
gcc version 4.6.1 (Ubuntu/Linaro 4.6.1-9ubuntu3) 
configure:1828: $? = 0
configure:1830: gcc -V </dev/null >&5
gcc: error: unrecognized option '-V'
gcc: fatal error: no input files
compilation terminated.
configure:1833: $? = 4
configure:1856: checking for C compiler default output file name
configure:1859: gcc    conftest.c  >&5
configure:1862: $? = 0
configure:1908: result: a.out
configure:1913: checking whether the C compiler works
configure:1919: ./a.out
configure:1922: $? = 0
configure:1939: result: yes
configure:1946: checking whether we are cross compiling
configure:1948: result: no
configure:1951: checking for suffix of executables
configure:1953: gcc -o conftest    conftest.c  >&5
configure:1956: $? = 0
configure:1981: result: 
configure:1987: checking for suffix of object files
configure:2008: gcc -c   conftest.c >&5
configure:2011: $? = 0
configure:2033: result: o
configure:2037: checking whether we are using the GNU C compiler
configure:2061: gcc -c   conftest.c >&5
configure:2067: $? = 0
configure:2071: test -z 
			 || test ! -s conftest.err
configure:2074: $? = 0
configure:2077: test -s conftest.o
configure:2080: $? = 0
configure:2093: result: yes
configure:2099: checking whether gcc accepts -g
configure:2120: gcc -c -g  conftest.c >&5
configure:2126: $? = 0
configure:2130: test -z 
			 || test ! -s conftest.err
configure:2133: $? = 0
configure:2136: test -s conftest.o
configure:2139: $? = 0
configure:2150: result: yes
configure:2167: checking for gcc option to accept ANSI C
configure:2237: gcc  -c -g -O2  conftest.c >&5
configure:2243: $? = 0
configure:2247: test -z 
			 || test ! -s conftest.err
configure:2250: $? = 0
configure:2253: test -s conftest.o
configure:2256: $? = 0
configure:2274: result: none needed
configure:2292: gcc -c -g -O2  conftest.c >&5
conftest.c:2:3: error: unknown type name 'choke'
conftest.c:2:3: error: expected '=', ',', ';', 'asm' or '__attribute__' at end of input
configure:2298: $? = 1
configure: failed program was:
| #ifndef __cplusplus
|   choke me
| #endif
configure:2483: checking for g++
configure:2499: found /usr/bin/g++
configure:2509: result: g++
configure:2525: checking for C++ compiler version
configure:2528: g++ --version </dev/null >&5
g++ (Ubuntu/Linaro 4.6.1-9ubuntu3) 4.6.1
Copyright (C) 2011 Free Software Foundation, Inc.
This is free software; see the source for copying conditions.  There is NO
warranty; not even for MERCHANTABILITY or FITNESS FOR A PARTICULAR PURPOSE.

configure:2531: $? = 0
configure:2533: g++ -v </dev/null >&5
Using built-in specs.
COLLECT_GCC=g++
COLLECT_LTO_WRAPPER=/usr/lib/gcc/i686-linux-gnu/4.6.1/lto-wrapper
Target: i686-linux-gnu
Configured with: ../src/configure -v --with-pkgversion='Ubuntu/Linaro 4.6.1-9ubuntu3' --with-bugurl=file:///usr/share/doc/gcc-4.6/README.Bugs --enable-languages=c,c++,fortran,objc,obj-c++,go --prefix=/usr --program-suffix=-4.6 --enable-shared --enable-linker-build-id --with-system-zlib --libexecdir=/usr/lib --without-included-gettext --enable-threads=posix --with-gxx-include-dir=/usr/include/c++/4.6 --libdir=/usr/lib --enable-nls --with-sysroot=/ --enable-clocale=gnu --enable-libstdcxx-debug --enable-libstdcxx-time=yes --enable-plugin --enable-objc-gc --enable-targets=all --disable-werror --with-arch-32=i686 --with-tune=generic --enable-checking=release --build=i686-linux-gnu --host=i686-linux-gnu --target=i686-linux-gnu
Thread model: posix
gcc version 4.6.1 (Ubuntu/Linaro 4.6.1-9ubuntu3) 
configure:2536: $? = 0
configure:2538: g++ -V </dev/null >&5
g++: error: unrecognized option '-V'
g++: fatal error: no input files
compilation terminated.
configure:2541: $? = 4
configure:2544: checking whether we are using the GNU C++ compiler
configure:2568: g++ -c   conftest.cc >&5
configure:2574: $? = 0
configure:2578: test -z 
			 || test ! -s conftest.err
configure:2581: $? = 0
configure:2584: test -s conftest.o
configure:2587: $? = 0
configure:2600: result: yes
configure:2606: checking whether g++ accepts -g
configure:2627: g++ -c -g  conftest.cc >&5
configure:2633: $? = 0
configure:2637: test -z 
			 || test ! -s conftest.err
configure:2640: $? = 0
configure:2643: test -s conftest.o
configure:2646: $? = 0
configure:2657: result: yes
configure:2699: g++ -c -g -O2  conftest.cc >&5
configure:2705: $? = 0
configure:2709: test -z 
			 || test ! -s conftest.err
configure:2712: $? = 0
configure:2715: test -s conftest.o
configure:2718: $? = 0
configure:2744: g++ -c -g -O2  conftest.cc >&5
conftest.cc: In function 'int main()':
conftest.cc:13:9: error: 'exit' was not declared in this scope
configure:2750: $? = 1
configure: failed program was:
| /* confdefs.h.  */
| 
| #define PACKAGE_NAME ""
| #define PACKAGE_TARNAME ""
| #define PACKAGE_VERSION ""
| #define PACKAGE_STRING ""
| #define PACKAGE_BUGREPORT ""
| /* end confdefs.h.  */
| 
| int
| main ()
| {
| exit (42);
|   ;
|   return 0;
| }
configure:2699: g++ -c -g -O2  conftest.cc >&5
conftest.cc:9:40: error: 'void std::exit(int)' should have been declared inside 'std'
configure:2705: $? = 1
configure: failed program was:
| /* confdefs.h.  */
| 
| #define PACKAGE_NAME ""
| #define PACKAGE_TARNAME ""
| #define PACKAGE_VERSION ""
| #define PACKAGE_STRING ""
| #define PACKAGE_BUGREPORT ""
| /* end confdefs.h.  */
| extern "C" void std::exit (int) throw (); using std::exit;
| #include <stdlib.h>
| int
| main ()
| {
| exit (42);
|   ;
|   return 0;
| }
configure:2699: g++ -c -g -O2  conftest.cc >&5
conftest.cc:9:31: error: 'void std::exit(int)' should have been declared inside 'std'
In file included from conftest.cc:10:0:
/usr/include/stdlib.h:544:70: error: declaration of 'void std::exit(int) throw ()' has a different exception specifier
conftest.cc:9:17: error: from previous declaration 'void std::exit(int)'
configure:2705: $? = 1
configure: failed program was:
| /* confdefs.h.  */
| 
| #define PACKAGE_NAME ""
| #define PACKAGE_TARNAME ""
| #define PACKAGE_VERSION ""
| #define PACKAGE_STRING ""
| #define PACKAGE_BUGREPORT ""
| /* end confdefs.h.  */
| extern "C" void std::exit (int); using std::exit;
| #include <stdlib.h>
| int
| main ()
| {
| exit (42);
|   ;
|   return 0;
| }
configure:2699: g++ -c -g -O2  conftest.cc >&5
configure:2705: $? = 0
configure:2709: test -z 
			 || test ! -s conftest.err
configure:2712: $? = 0
configure:2715: test -s conftest.o
configure:2718: $? = 0
configure:2744: g++ -c -g -O2  conftest.cc >&5
configure:2750: $? = 0
configure:2754: test -z 
			 || test ! -s conftest.err
configure:2757: $? = 0
configure:2760: test -s conftest.o
configure:2763: $? = 0
configure:2792: checking how to run the C preprocessor
configure:2827: gcc -E  conftest.c
configure:2833: $? = 0
configure:2865: gcc -E  conftest.c
conftest.c:12:28: fatal error: ac_nonexistent.h: No such file or directory
compilation terminated.
configure:2871: $? = 1
configure: failed program was:
| /* confdefs.h.  */
| 
| #define PACKAGE_NAME ""
| #define PACKAGE_TARNAME ""
| #define PACKAGE_VERSION ""
| #define PACKAGE_STRING ""
| #define PACKAGE_BUGREPORT ""
| #ifdef __cplusplus
| extern "C" void exit (int) throw ();
| #endif
| /* end confdefs.h.  */
| #include <ac_nonexistent.h>
configure:2910: result: gcc -E
configure:2934: gcc -E  conftest.c
configure:2940: $? = 0
configure:2972: gcc -E  conftest.c
conftest.c:12:28: fatal error: ac_nonexistent.h: No such file or directory
compilation terminated.
configure:2978: $? = 1
configure: failed program was:
| /* confdefs.h.  */
| 
| #define PACKAGE_NAME ""
| #define PACKAGE_TARNAME ""
| #define PACKAGE_VERSION ""
| #define PACKAGE_STRING ""
| #define PACKAGE_BUGREPORT ""
| #ifdef __cplusplus
| extern "C" void exit (int) throw ();
| #endif
| /* end confdefs.h.  */
| #include <ac_nonexistent.h>
configure:3022: checking for egrep
configure:3032: result: grep -E
configure:3037: checking for ANSI C header files
configure:3062: gcc -c -g -O2  conftest.c >&5
configure:3068: $? = 0
configure:3072: test -z 
			 || test ! -s conftest.err
configure:3075: $? = 0
configure:3078: test -s conftest.o
configure:3081: $? = 0
configure:3170: gcc -o conftest -g -O2   conftest.c  >&5
conftest.c: In function 'main':
conftest.c:29:7: warning: incompatible implicit declaration of built-in function 'exit' [enabled by default]
configure:3173: $? = 0
configure:3175: ./conftest
configure:3178: $? = 0
configure:3193: result: yes
configure:3217: checking for sys/types.h
configure:3233: gcc -c -g -O2  conftest.c >&5
configure:3239: $? = 0
configure:3243: test -z 
			 || test ! -s conftest.err
configure:3246: $? = 0
configure:3249: test -s conftest.o
configure:3252: $? = 0
configure:3263: result: yes
configure:3217: checking for sys/stat.h
configure:3233: gcc -c -g -O2  conftest.c >&5
configure:3239: $? = 0
configure:3243: test -z 
			 || test ! -s conftest.err
configure:3246: $? = 0
configure:3249: test -s conftest.o
configure:3252: $? = 0
configure:3263: result: yes
configure:3217: checking for stdlib.h
configure:3233: gcc -c -g -O2  conftest.c >&5
configure:3239: $? = 0
configure:3243: test -z 
			 || test ! -s conftest.err
configure:3246: $? = 0
configure:3249: test -s conftest.o
configure:3252: $? = 0
configure:3263: result: yes
configure:3217: checking for string.h
configure:3233: gcc -c -g -O2  conftest.c >&5
configure:3239: $? = 0
configure:3243: test -z 
			 || test ! -s conftest.err
configure:3246: $? = 0
configure:3249: test -s conftest.o
configure:3252: $? = 0
configure:3263: result: yes
configure:3217: checking for memory.h
configure:3233: gcc -c -g -O2  conftest.c >&5
configure:3239: $? = 0
configure:3243: test -z 
			 || test ! -s conftest.err
configure:3246: $? = 0
configure:3249: test -s conftest.o
configure:3252: $? = 0
configure:3263: result: yes
configure:3217: checking for strings.h
configure:3233: gcc -c -g -O2  conftest.c >&5
configure:3239: $? = 0
configure:3243: test -z 
			 || test ! -s conftest.err
configure:3246: $? = 0
configure:3249: test -s conftest.o
configure:3252: $? = 0
configure:3263: result: yes
configure:3217: checking for inttypes.h
configure:3233: gcc -c -g -O2  conftest.c >&5
configure:3239: $? = 0
configure:3243: test -z 
			 || test ! -s conftest.err
configure:3246: $? = 0
configure:3249: test -s conftest.o
configure:3252: $? = 0
configure:3263: result: yes
configure:3217: checking for stdint.h
configure:3233: gcc -c -g -O2  conftest.c >&5
configure:3239: $? = 0
configure:3243: test -z 
			 || test ! -s conftest.err
configure:3246: $? = 0
configure:3249: test -s conftest.o
configure:3252: $? = 0
configure:3263: result: yes
configure:3217: checking for unistd.h
configure:3233: gcc -c -g -O2  conftest.c >&5
configure:3239: $? = 0
configure:3243: test -z 
			 || test ! -s conftest.err
configure:3246: $? = 0
configure:3249: test -s conftest.o
configure:3252: $? = 0
configure:3263: result: yes
configure:3280: checking for string.h
configure:3285: result: yes
configure:3435: checking for main in -lXbsd
configure:3459: gcc -o conftest -g -O2   conftest.c -lXbsd   >&5
/usr/bin/ld: cannot find -lXbsd
collect2: ld returned 1 exit status
configure:3465: $? = 1
configure: failed program was:
| /* confdefs.h.  */
| 
| #define PACKAGE_NAME ""
| #define PACKAGE_TARNAME ""
| #define PACKAGE_VERSION ""
| #define PACKAGE_STRING ""
| #define PACKAGE_BUGREPORT ""
| #ifdef __cplusplus
| extern "C" void exit (int) throw ();
| #endif
| #define STDC_HEADERS 1
| #define HAVE_SYS_TYPES_H 1
| #define HAVE_SYS_STAT_H 1
| #define HAVE_STDLIB_H 1
| #define HAVE_STRING_H 1
| #define HAVE_MEMORY_H 1
| #define HAVE_STRINGS_H 1
| #define HAVE_INTTYPES_H 1
| #define HAVE_STDINT_H 1
| #define HAVE_UNISTD_H 1
| #define HAVE_STRING_H 1
| /* end confdefs.h.  */
| 
| 
| int
| main ()
| {
| main ();
|   ;
|   return 0;
| }
configure:3491: result: no
configure:3497: checking for socket in -lsocket
configure:3527: gcc -o conftest -g -O2   conftest.c -lsocket   >&5
/usr/bin/ld: cannot find -lsocket
collect2: ld returned 1 exit status
configure:3533: $? = 1
configure: failed program was:
| /* confdefs.h.  */
| 
| #define PACKAGE_NAME ""
| #define PACKAGE_TARNAME ""
| #define PACKAGE_VERSION ""
| #define PACKAGE_STRING ""
| #define PACKAGE_BUGREPORT ""
| #ifdef __cplusplus
| extern "C" void exit (int) throw ();
| #endif
| #define STDC_HEADERS 1
| #define HAVE_SYS_TYPES_H 1
| #define HAVE_SYS_STAT_H 1
| #define HAVE_STDLIB_H 1
| #define HAVE_STRING_H 1
| #define HAVE_MEMORY_H 1
| #define HAVE_STRINGS_H 1
| #define HAVE_INTTYPES_H 1
| #define HAVE_STDINT_H 1
| #define HAVE_UNISTD_H 1
| #define HAVE_STRING_H 1
| /* end confdefs.h.  */
| 
| /* Override any gcc2 internal prototype to avoid an error.  */
| #ifdef __cplusplus
| extern "C"
| #endif
| /* We use char because int might match the return type of a gcc2
|    builtin and then its argument prototype would still apply.  */
| char socket ();
| int
| main ()
| {
| socket ();
|   ;
|   return 0;
| }
configure:3559: result: no
configure:3565: checking for gethostbyname in -lnsl
configure:3595: gcc -o conftest -g -O2   conftest.c -lnsl   >&5
configure:3601: $? = 0
configure:3605: test -z 
			 || test ! -s conftest.err
configure:3608: $? = 0
configure:3611: test -s conftest
configure:3614: $? = 0
configure:3627: result: yes
configure:3633: checking for dcgettext in -lintl
configure:3663: gcc -o conftest -g -O2   conftest.c -lintl   >&5
conftest.c:30:6: warning: conflicting types for built-in function 'dcgettext' [enabled by default]
/usr/bin/ld: cannot find -lintl
collect2: ld returned 1 exit status
configure:3669: $? = 1
configure: failed program was:
| /* confdefs.h.  */
| 
| #define PACKAGE_NAME ""
| #define PACKAGE_TARNAME ""
| #define PACKAGE_VERSION ""
| #define PACKAGE_STRING ""
| #define PACKAGE_BUGREPORT ""
| #ifdef __cplusplus
| extern "C" void exit (int) throw ();
| #endif
| #define STDC_HEADERS 1
| #define HAVE_SYS_TYPES_H 1
| #define HAVE_SYS_STAT_H 1
| #define HAVE_STDLIB_H 1
| #define HAVE_STRING_H 1
| #define HAVE_MEMORY_H 1
| #define HAVE_STRINGS_H 1
| #define HAVE_INTTYPES_H 1
| #define HAVE_STDINT_H 1
| #define HAVE_UNISTD_H 1
| #define HAVE_STRING_H 1
| /* end confdefs.h.  */
| 
| /* Override any gcc2 internal prototype to avoid an error.  */
| #ifdef __cplusplus
| extern "C"
| #endif
| /* We use char because int might match the return type of a gcc2
|    builtin and then its argument prototype would still apply.  */
| char dcgettext ();
| int
| main ()
| {
| dcgettext ();
|   ;
|   return 0;
| }
configure:3695: result: no
configure:3701: checking for getnodebyname in -ldnet_stub
configure:3731: gcc -o conftest -g -O2   conftest.c -ldnet_stub   >&5
/usr/bin/ld: cannot find -ldnet_stub
collect2: ld returned 1 exit status
configure:3737: $? = 1
configure: failed program was:
| /* confdefs.h.  */
| 
| #define PACKAGE_NAME ""
| #define PACKAGE_TARNAME ""
| #define PACKAGE_VERSION ""
| #define PACKAGE_STRING ""
| #define PACKAGE_BUGREPORT ""
| #ifdef __cplusplus
| extern "C" void exit (int) throw ();
| #endif
| #define STDC_HEADERS 1
| #define HAVE_SYS_TYPES_H 1
| #define HAVE_SYS_STAT_H 1
| #define HAVE_STDLIB_H 1
| #define HAVE_STRING_H 1
| #define HAVE_MEMORY_H 1
| #define HAVE_STRINGS_H 1
| #define HAVE_INTTYPES_H 1
| #define HAVE_STDINT_H 1
| #define HAVE_UNISTD_H 1
| #define HAVE_STRING_H 1
| /* end confdefs.h.  */
| 
| /* Override any gcc2 internal prototype to avoid an error.  */
| #ifdef __cplusplus
| extern "C"
| #endif
| /* We use char because int might match the return type of a gcc2
|    builtin and then its argument prototype would still apply.  */
| char getnodebyname ();
| int
| main ()
| {
| getnodebyname ();
|   ;
|   return 0;
| }
configure:3763: result: no
configure:3809: checking that g++ can handle -O2
configure:3835: gcc -c -g -O2  conftest.c >&5
conftest.c: In function 'main':
conftest.c:29:3: error: 'error' undeclared (first use in this function)
conftest.c:29:3: note: each undeclared identifier is reported only once for each function it appears in
conftest.c:33:3: error: expected ';' before 'int'
configure:3841: $? = 1
configure: failed program was:
| /* confdefs.h.  */
| 
| #define PACKAGE_NAME ""
| #define PACKAGE_TARNAME ""
| #define PACKAGE_VERSION ""
| #define PACKAGE_STRING ""
| #define PACKAGE_BUGREPORT ""
| #ifdef __cplusplus
| extern "C" void exit (int) throw ();
| #endif
| #define STDC_HEADERS 1
| #define HAVE_SYS_TYPES_H 1
| #define HAVE_SYS_STAT_H 1
| #define HAVE_STDLIB_H 1
| #define HAVE_STRING_H 1
| #define HAVE_MEMORY_H 1
| #define HAVE_STRINGS_H 1
| #define HAVE_INTTYPES_H 1
| #define HAVE_STDINT_H 1
| #define HAVE_UNISTD_H 1
| #define HAVE_STRING_H 1
| /* end confdefs.h.  */
| 
| int
| main ()
| {
| #if __GNUC__ < 2  || __GNUC_MINOR__ < 8
| 		/* gcc */
| 		error
| 		#endif
| 		#if __GNUC_MINOR__ < 92
| 		/* egcs */
| 		int error;
| 		#endif
| 
|   ;
|   return 0;
| }
configure:3864: result: no
configure:3936: checking standard STL is available
configure:3968: g++ -c -g -O2  conftest.cc >&5
In file included from /usr/include/c++/4.6/backward/hash_map:61:0,
                 from conftest.cc:24:
/usr/include/c++/4.6/backward/backward_warning.h:33:2: warning: #warning This file includes at least one deprecated or antiquated header which may be removed without further notice at a future date. Please use a non-deprecated interface with equivalent functionality instead. For a listing of replacement headers and interfaces, consult the file backward_warning.h. To disable this warning use -Wno-deprecated. [-Wcpp]
conftest.cc:25:48: error: expected template-name before '<' token
conftest.cc:25:48: error: expected '{' before '<' token
conftest.cc:25:48: error: expected unqualified-id before '<' token
configure:3974: $? = 1
configure: failed program was:
| /* confdefs.h.  */
| 
| #define PACKAGE_NAME ""
| #define PACKAGE_TARNAME ""
| #define PACKAGE_VERSION ""
| #define PACKAGE_STRING ""
| #define PACKAGE_BUGREPORT ""
| #ifdef __cplusplus
| extern "C" void exit (int) throw ();
| #endif
| #define STDC_HEADERS 1
| #define HAVE_SYS_TYPES_H 1
| #define HAVE_SYS_STAT_H 1
| #define HAVE_STDLIB_H 1
| #define HAVE_STRING_H 1
| #define HAVE_MEMORY_H 1
| #define HAVE_STRINGS_H 1
| #define HAVE_INTTYPES_H 1
| #define HAVE_STDINT_H 1
| #define HAVE_UNISTD_H 1
| #define HAVE_STRING_H 1
| /* end confdefs.h.  */
| #include <list>
| 	#include <hash_map>
| 	template <class _T> class tlist : public list <_T> {};
| 
| int
| main ()
| {
| return 0;
| 
|   ;
|   return 0;
| }
configure:3996: result: no
configure:4241: checking for tcl.h
configure:4289: result: -I../include
configure:4295: checking for tclInt.h
configure:4343: result: -I../include
configure:4349: checking for libtcl8.4
configure:4413: result: -L../lib -ltcl8.4
configure:4419: checking for init.tcl
configure:4458: result: ../lib/tcl8.4
configure:4475: checking for http.tcl
configure:4514: result: ../lib/tcl8.4/http1.0
configure:4519: checking Tcl http.tcl library
configure:4523: result: yes
configure:4546: checking for tclsh8.4.11
configure:4579: result: no
configure:4546: checking for tclsh8.4
configure:4564: found ../bin/tclsh8.4
configure:4576: result: ../bin/tclsh8.4
configure:4808: checking for tk.h
configure:4856: result: -I../include
configure:4862: checking for libtk8.4
configure:4926: result: -L../lib -ltk8.4
configure:4932: checking for tk.tcl
configure:4971: result: ../lib/tk8.4
configure:5066: gcc -E  conftest.c
configure:5072: $? = 0
configure:5112: checking for XOpenDisplay in -lX11
configure:5142: gcc -o conftest -g -O2   conftest.c -lX11   >&5
configure:5148: $? = 0
configure:5152: test -z 
			 || test ! -s conftest.err
configure:5155: $? = 0
configure:5158: test -s conftest
configure:5161: $? = 0
configure:5174: result: yes
configure:5200: checking for XShmAttach in -lXext
configure:5230: gcc -o conftest -g -O2   conftest.c -lXext -lX11  >&5
configure:5236: $? = 0
configure:5240: test -z 
			 || test ! -s conftest.err
configure:5243: $? = 0
configure:5246: test -s conftest
configure:5249: $? = 0
configure:5262: result: yes
configure:5337: checking for ranlib
configure:5353: found /usr/bin/ranlib
configure:5364: result: ranlib
configure:5389: checking for a BSD-compatible install
configure:5444: result: /usr/bin/install -c
configure:5460: checking system version (for dynamic loading)
configure:5474: result: Linux-3.0.0-25-generic
configure:5685: checking for dlopen in -ldl
configure:5715: gcc -o conftest -g -O2   conftest.c -ldl   >&5
configure:5721: $? = 0
configure:5725: test -z 
			 || test ! -s conftest.err
configure:5728: $? = 0
configure:5731: test -s conftest
configure:5734: $? = 0
configure:5747: result: yes
configure:5939: checking for a BSD-compatible install
configure:5994: result: /usr/bin/install -c
configure:6134: creating ./config.status

## ---------------------- ##
## Running config.status. ##
## ---------------------- ##

This file was extended by config.status, which was
generated by GNU Autoconf 2.59.  Invocation command line was

  CONFIG_FILES    = 
  CONFIG_HEADERS  = 
  CONFIG_LINKS    = 
  CONFIG_COMMANDS = 
  $ ./config.status 

on yongj-VirtualBox

config.status:697: creating Makefile

## ---------------- ##
## Cache variables. ##
## ---------------- ##

ac_cv_build=i686-pc-linux-gnu
ac_cv_build_alias=i686-pc-linux-gnu
ac_cv_c_compiler_gnu=yes
ac_cv_cxx_compiler_gnu=yes
ac_cv_env_CC_set=
ac_cv_env_CC_value=
ac_cv_env_CFLAGS_set=
ac_cv_env_CFLAGS_value=
ac_cv_env_CPPFLAGS_set=
ac_cv_env_CPPFLAGS_value=
ac_cv_env_CPP_set=
ac_cv_env_CPP_value=
ac_cv_env_CXXFLAGS_set=
ac_cv_env_CXXFLAGS_value=
ac_cv_env_CXX_set=
ac_cv_env_CXX_value=
ac_cv_env_LDFLAGS_set=
ac_cv_env_LDFLAGS_value=
ac_cv_env_build_alias_set=
ac_cv_env_build_alias_value=
ac_cv_env_host_alias_set=
ac_cv_env_host_alias_value=
ac_cv_env_target_alias_set=
ac_cv_env_target_alias_value=
ac_cv_exeext=
ac_cv_header_inttypes_h=yes
ac_cv_header_memory_h=yes
ac_cv_header_stdc=yes
ac_cv_header_stdint_h=yes
ac_cv_header_stdlib_h=yes
ac_cv_header_string_h=yes
ac_cv_header_strings_h=yes
ac_cv_header_sys_stat_h=yes
ac_cv_header_sys_types_h=yes
ac_cv_header_unistd_h=yes
ac_cv_host=i686-pc-linux-gnu
ac_cv_host_alias=i686-pc-linux-gnu
ac_cv_lib_X11_XOpenDisplay=yes
ac_cv_lib_Xbsd_main=no
ac_cv_lib_Xext_XShmAttach=yes
ac_cv_lib_dl_dlopen=yes
ac_cv_lib_dnet_stub_getnodebyname=no
ac_cv_lib_intl_dcgettext=no
ac_cv_lib_nsl_gethostbyname=yes
ac_cv_lib_socket_socket=no
ac_cv_objext=o
ac_cv_path_V_TCLSH=../bin/tclsh8.4
ac_cv_path_install='/usr/bin/install -c'
ac_cv_prog_CPP='gcc -E'
ac_cv_prog_ac_ct_CC=gcc
ac_cv_prog_ac_ct_CXX=g++
ac_cv_prog_ac_ct_RANLIB=ranlib
ac_cv_prog_cc_g=yes
ac_cv_prog_cc_stdc=
ac_cv_prog_cxx_g=yes
ac_cv_prog_egrep='grep -E'
ac_cv_target=i686-pc-linux-gnu
ac_cv_target_alias=i686-pc-linux-gnu

## ----------------- ##
## Output variables. ##
## ----------------- ##

CC='gcc'
CFLAGS='-g -O2'
CPP='gcc -E'
CPPFLAGS=''
CXX='g++'
CXXFLAGS='-g -O2'
DEFS='-DPACKAGE_NAME=\"\" -DPACKAGE_TARNAME=\"\" -DPACKAGE_VERSION=\"\" -DPACKAGE_STRING=\"\" -DPACKAGE_BUGREPORT=\"\" -DSTDC_HEADERS=1 -DHAVE_SYS_TYPES_H=1 -DHAVE_SYS_STAT_H=1 -DHAVE_STDLIB_H=1 -DHAVE_STRING_H=1 -DHAVE_MEMORY_H=1 -DHAVE_STRINGS_H=1 -DHAVE_INTTYPES_H=1 -DHAVE_STDINT_H=1 -DHAVE_UNISTD_H=1 -DHAVE_STRING_H=1 -DHAVE_TCL_H=1 -DHAVE_TCLINT_H=1 -DHAVE_LIBTCL8_4=1 -DHAVE_TK_H=1 -DHAVE_LIBTK8_4=1 '
DL_LIBS='-ldl'
ECHO_C=''
ECHO_N='-n'
ECHO_T=''
EGREP='grep -E'
EXEEXT=''
INSTALL_DATA='${INSTALL} -m 644'
INSTALL_PROGRAM='${INSTALL}'
INSTALL_SCRIPT='${INSTALL}'
INST_OLIBSH='NONE/lib'
LDFLAGS=''
LIBOBJS=''
LIBS=''
LTLIBOBJS=''
OBJEXT='o'
PACKAGE_BUGREPORT=''
PACKAGE_NAME=''
PACKAGE_STRING=''
PACKAGE_TARNAME=''
PACKAGE_VERSION=''
PATH_SEPARATOR=':'
RANLIB='ranlib'
SHELL='/bin/bash'
SHLD_FLAGS=''
SHLIB_CFLAGS='-fpic'
SHLIB_LD='gcc -shared'
SHLIB_SUFFIX='.so'
V_ALL='otclsh'
V_AR='ar cr'
V_BROKEN_OBJ='strtol.o strtoul.o'
V_CCOPT=''
V_DEFINE=' -DNDEBUG -DUSE_SHM'
V_DEFINES='-DHAVE_LIBTK8_4 -DHAVE_TK_H -DHAVE_LIBTCL8_4 -DHAVE_TCLINT_H -DHAVE_TCL_H '
V_INCLUDE=''
V_INCLUDES='-I/home/yongj/NS2/include -I/home/yongj/NS2/include -I/home/yongj/NS2/include'
V_INCLUDE_X11=''
V_LIB=' -lnsl -ldl'
V_LIBRARY_TCL='../lib/tcl8.4'
V_LIBRARY_TK='../lib/tk8.4'
V_LIBS='-L/home/yongj/NS2/lib -ltk8.4 -L/home/yongj/NS2/lib -ltcl8.4'
V_LIB_OTCL=''
V_LIB_TCL='-L/home/yongj/NS2/lib -ltcl8.4'
V_LIB_TCLCL=''
V_LIB_TK='-L/home/yongj/NS2/lib -ltk8.4'
V_LIB_X11='-lXext -lX11'
V_LSSCRIPT=''
V_NS_TCL_LIB_STL=''
V_OBJ=''
V_OBJ_CRYPT=''
V_RANLIB='ranlib'
V_SHELL=''
V_SIGRET='void'
V_STATIC=''
V_STLOBJ=''
V_TARCMD='tar cfh'
V_TAR_EXTRA=''
V_TAR_TARGET='linux-gnu'
V_TCLSH='/home/yongj/NS2/bin/tclsh8.4'
V_TCL_LIBRARY_FILES='$(TCL_BASE_LIBRARY_FILES) ../lib/tcl8.4/http1.0/http.tcl'
V_TKDOSNAMES='$(LIBRARY_TK)/optMenu.tcl $(LIBRARY_TK)/scrlbar.tcl'
ac_ct_CC='gcc'
ac_ct_CXX='g++'
ac_ct_RANLIB='ranlib'
bindir='${exec_prefix}/bin'
build='i686-pc-linux-gnu'
build_alias=''
build_cpu='i686'
build_os='linux-gnu'
build_vendor='pc'
datadir='${prefix}/share'
exec_prefix='${prefix}'
host='i686-pc-linux-gnu'
host_alias=''
host_cpu='i686'
host_os='linux-gnu'
host_vendor='pc'
includedir='${prefix}/include'
infodir='${prefix}/info'
libdir='${exec_prefix}/lib'
libexecdir='${exec_prefix}/libexec'
localstatedir='${prefix}/var'
mandir='${prefix}/man'
oldincludedir='/usr/include'
prefix='/usr/local'
program_transform_name='s,x,x,'
sbindir='${exec_prefix}/sbin'
sharedstatedir='${prefix}/com'
sysconfdir='${prefix}/etc'
target='i686-pc-linux-gnu'
target_alias=''
target_cpu='i686'
target_os='linux-gnu'
target_vendor='pc'

## ----------- ##
## confdefs.h. ##
## ----------- ##

#define HAVE_INTTYPES_H 1
#define HAVE_LIBTCL8_4 1
#define HAVE_LIBTK8_4 1
#define HAVE_MEMORY_H 1
#define HAVE_STDINT_H 1
#define HAVE_STDLIB_H 1
#define HAVE_STRINGS_H 1
#define HAVE_STRING_H 1
#define HAVE_STRING_H 1
#define HAVE_SYS_STAT_H 1
#define HAVE_SYS_TYPES_H 1
#define HAVE_TCLINT_H 1
#define HAVE_TCL_H 1
#define HAVE_TK_H 1
#define HAVE_UNISTD_H 1
#define PACKAGE_BUGREPORT ""
#define PACKAGE_NAME ""
#define PACKAGE_STRING ""
#define PACKAGE_TARNAME ""
#define PACKAGE_VERSION ""
#define STDC_HEADERS 1
#endif
#ifdef __cplusplus
extern "C" void exit (int) throw ();

configure: exit 0
