This file contains any messages produced by compilers while
running configure, to aid debugging if configure makes a mistake.

It was created by configure, which was
generated by GNU Autoconf 2.59.  Invocation command line was

  $ ./configure --with-otcl=../otcl-1.12

## --------- ##
## Platform. ##
## --------- ##

hostname = yongj-VirtualBox
uname -m = i686
uname -r = 3.0.0-25-generic
uname -s = Linux
uname -v = #41-Ubuntu SMP Mon Aug 13 17:59:54 UTC 2012

/usr/bin/uname -p = unknown
/bin/uname -X     = unknown

/bin/arch              = unknown
/usr/bin/arch -k       = unknown
/usr/convex/getsysinfo = unknown
hostinfo               = unknown
/bin/machine           = unknown
/usr/bin/oslevel       = unknown
/bin/universe          = unknown

PATH: /home/yongj/NS2/tcl8.4.13/unix
PATH: /home/yongj/NS2/tk8.4.13/unix
PATH: /home/yongj/NS2/bin
PATH: /home/yongj/NS2/bin
PATH: /home/yongj/NS2/tcl8.4.13/unix
PATH: //home/yongj/NS2/tk8.4.5/unix
PATH: /usr/lib/lightdm/lightdm
PATH: /usr/local/sbin
PATH: /usr/local/bin
PATH: /usr/sbin
PATH: /usr/bin
PATH: /sbin
PATH: /bin
PATH: /usr/games
PATH: /usr/bin/jvm/java-6-sun/bin
PATH: /usr/local/mysql/bin
PATH: /home/yongj/muduo/build/debug-install/include


## ----------- ##
## Core tests. ##
## ----------- ##

configure:1427: checking build system type
configure:1445: result: i686-pc-linux-gnu
configure:1453: checking host system type
configure:1467: result: i686-pc-linux-gnu
configure:1475: checking target system type
configure:1489: result: i686-pc-linux-gnu
configure:1550: checking for gcc
configure:1566: found /usr/bin/gcc
configure:1576: result: gcc
configure:1820: checking for C compiler version
configure:1823: gcc --version </dev/null >&5
gcc (Ubuntu/Linaro 4.6.1-9ubuntu3) 4.6.1
Copyright (C) 2011 Free Software Foundation, Inc.
This is free software; see the source for copying conditions.  There is NO
warranty; not even for MERCHANTABILITY or FITNESS FOR A PARTICULAR PURPOSE.

configure:1826: $? = 0
configure:1828: gcc -v </dev/null >&5
Using built-in specs.
COLLECT_GCC=gcc
COLLECT_LTO_WRAPPER=/usr/lib/gcc/i686-linux-gnu/4.6.1/lto-wrapper
Target: i686-linux-gnu
Configured with: ../src/configure -v --with-pkgversion='Ubuntu/Linaro 4.6.1-9ubuntu3' --with-bugurl=file:///usr/share/doc/gcc-4.6/README.Bugs --enable-languages=c,c++,fortran,objc,obj-c++,go --prefix=/usr --program-suffix=-4.6 --enable-shared --enable-linker-build-id --with-system-zlib --libexecdir=/usr/lib --without-included-gettext --enable-threads=posix --with-gxx-include-dir=/usr/include/c++/4.6 --libdir=/usr/lib --enable-nls --with-sysroot=/ --enable-clocale=gnu --enable-libstdcxx-debug --enable-libstdcxx-time=yes --enable-plugin --enable-objc-gc --enable-targets=all --disable-werror --with-arch-32=i686 --with-tune=generic --enable-checking=release --build=i686-linux-gnu --host=i686-linux-gnu --target=i686-linux-gnu
Thread model: posix
gcc version 4.6.1 (Ubuntu/Linaro 4.6.1-9ubuntu3) 
configure:1831: $? = 0
configure:1833: gcc -V </dev/null >&5
gcc: error: unrecognized option '-V'
gcc: fatal error: no input files
compilation terminated.
configure:1836: $? = 4
configure:1859: checking for C compiler default output file name
configure:1862: gcc    conftest.c  >&5
configure:1865: $? = 0
configure:1911: result: a.out
configure:1916: checking whether the C compiler works
configure:1922: ./a.out
configure:1925: $? = 0
configure:1942: result: yes
configure:1949: checking whether we are cross compiling
configure:1951: result: no
configure:1954: checking for suffix of executables
configure:1956: gcc -o conftest    conftest.c  >&5
configure:1959: $? = 0
configure:1984: result: 
configure:1990: checking for suffix of object files
configure:2011: gcc -c   conftest.c >&5
configure:2014: $? = 0
configure:2036: result: o
configure:2040: checking whether we are using the GNU C compiler
configure:2064: gcc -c   conftest.c >&5
configure:2070: $? = 0
configure:2074: test -z 
			 || test ! -s conftest.err
configure:2077: $? = 0
configure:2080: test -s conftest.o
configure:2083: $? = 0
configure:2096: result: yes
configure:2102: checking whether gcc accepts -g
configure:2123: gcc -c -g  conftest.c >&5
configure:2129: $? = 0
configure:2133: test -z 
			 || test ! -s conftest.err
configure:2136: $? = 0
configure:2139: test -s conftest.o
configure:2142: $? = 0
configure:2153: result: yes
configure:2170: checking for gcc option to accept ANSI C
configure:2240: gcc  -c -g -O2  conftest.c >&5
configure:2246: $? = 0
configure:2250: test -z 
			 || test ! -s conftest.err
configure:2253: $? = 0
configure:2256: test -s conftest.o
configure:2259: $? = 0
configure:2277: result: none needed
configure:2295: gcc -c -g -O2  conftest.c >&5
conftest.c:2:3: error: unknown type name 'choke'
conftest.c:2:3: error: expected '=', ',', ';', 'asm' or '__attribute__' at end of input
configure:2301: $? = 1
configure: failed program was:
| #ifndef __cplusplus
|   choke me
| #endif
configure:2486: checking for g++
configure:2502: found /usr/bin/g++
configure:2512: result: g++
configure:2528: checking for C++ compiler version
configure:2531: g++ --version </dev/null >&5
g++ (Ubuntu/Linaro 4.6.1-9ubuntu3) 4.6.1
Copyright (C) 2011 Free Software Foundation, Inc.
This is free software; see the source for copying conditions.  There is NO
warranty; not even for MERCHANTABILITY or FITNESS FOR A PARTICULAR PURPOSE.

configure:2534: $? = 0
configure:2536: g++ -v </dev/null >&5
Using built-in specs.
COLLECT_GCC=g++
COLLECT_LTO_WRAPPER=/usr/lib/gcc/i686-linux-gnu/4.6.1/lto-wrapper
Target: i686-linux-gnu
Configured with: ../src/configure -v --with-pkgversion='Ubuntu/Linaro 4.6.1-9ubuntu3' --with-bugurl=file:///usr/share/doc/gcc-4.6/README.Bugs --enable-languages=c,c++,fortran,objc,obj-c++,go --prefix=/usr --program-suffix=-4.6 --enable-shared --enable-linker-build-id --with-system-zlib --libexecdir=/usr/lib --without-included-gettext --enable-threads=posix --with-gxx-include-dir=/usr/include/c++/4.6 --libdir=/usr/lib --enable-nls --with-sysroot=/ --enable-clocale=gnu --enable-libstdcxx-debug --enable-libstdcxx-time=yes --enable-plugin --enable-objc-gc --enable-targets=all --disable-werror --with-arch-32=i686 --with-tune=generic --enable-checking=release --build=i686-linux-gnu --host=i686-linux-gnu --target=i686-linux-gnu
Thread model: posix
gcc version 4.6.1 (Ubuntu/Linaro 4.6.1-9ubuntu3) 
configure:2539: $? = 0
configure:2541: g++ -V </dev/null >&5
g++: error: unrecognized option '-V'
g++: fatal error: no input files
compilation terminated.
configure:2544: $? = 4
configure:2547: checking whether we are using the GNU C++ compiler
configure:2571: g++ -c   conftest.cc >&5
configure:2577: $? = 0
configure:2581: test -z 
			 || test ! -s conftest.err
configure:2584: $? = 0
configure:2587: test -s conftest.o
configure:2590: $? = 0
configure:2603: result: yes
configure:2609: checking whether g++ accepts -g
configure:2630: g++ -c -g  conftest.cc >&5
configure:2636: $? = 0
configure:2640: test -z 
			 || test ! -s conftest.err
configure:2643: $? = 0
configure:2646: test -s conftest.o
configure:2649: $? = 0
configure:2660: result: yes
configure:2702: g++ -c -g -O2  conftest.cc >&5
configure:2708: $? = 0
configure:2712: test -z 
			 || test ! -s conftest.err
configure:2715: $? = 0
configure:2718: test -s conftest.o
configure:2721: $? = 0
configure:2747: g++ -c -g -O2  conftest.cc >&5
conftest.cc: In function 'int main()':
conftest.cc:13:9: error: 'exit' was not declared in this scope
configure:2753: $? = 1
configure: failed program was:
| /* confdefs.h.  */
| 
| #define PACKAGE_NAME ""
| #define PACKAGE_TARNAME ""
| #define PACKAGE_VERSION ""
| #define PACKAGE_STRING ""
| #define PACKAGE_BUGREPORT ""
| /* end confdefs.h.  */
| 
| int
| main ()
| {
| exit (42);
|   ;
|   return 0;
| }
configure:2702: g++ -c -g -O2  conftest.cc >&5
conftest.cc:9:40: error: 'void std::exit(int)' should have been declared inside 'std'
configure:2708: $? = 1
configure: failed program was:
| /* confdefs.h.  */
| 
| #define PACKAGE_NAME ""
| #define PACKAGE_TARNAME ""
| #define PACKAGE_VERSION ""
| #define PACKAGE_STRING ""
| #define PACKAGE_BUGREPORT ""
| /* end confdefs.h.  */
| extern "C" void std::exit (int) throw (); using std::exit;
| #include <stdlib.h>
| int
| main ()
| {
| exit (42);
|   ;
|   return 0;
| }
configure:2702: g++ -c -g -O2  conftest.cc >&5
conftest.cc:9:31: error: 'void std::exit(int)' should have been declared inside 'std'
In file included from conftest.cc:10:0:
/usr/include/stdlib.h:544:70: error: declaration of 'void std::exit(int) throw ()' has a different exception specifier
conftest.cc:9:17: error: from previous declaration 'void std::exit(int)'
configure:2708: $? = 1
configure: failed program was:
| /* confdefs.h.  */
| 
| #define PACKAGE_NAME ""
| #define PACKAGE_TARNAME ""
| #define PACKAGE_VERSION ""
| #define PACKAGE_STRING ""
| #define PACKAGE_BUGREPORT ""
| /* end confdefs.h.  */
| extern "C" void std::exit (int); using std::exit;
| #include <stdlib.h>
| int
| main ()
| {
| exit (42);
|   ;
|   return 0;
| }
configure:2702: g++ -c -g -O2  conftest.cc >&5
configure:2708: $? = 0
configure:2712: test -z 
			 || test ! -s conftest.err
configure:2715: $? = 0
configure:2718: test -s conftest.o
configure:2721: $? = 0
configure:2747: g++ -c -g -O2  conftest.cc >&5
configure:2753: $? = 0
configure:2757: test -z 
			 || test ! -s conftest.err
configure:2760: $? = 0
configure:2763: test -s conftest.o
configure:2766: $? = 0
configure:2795: checking how to run the C preprocessor
configure:2830: gcc -E  conftest.c
configure:2836: $? = 0
configure:2868: gcc -E  conftest.c
conftest.c:12:28: fatal error: ac_nonexistent.h: No such file or directory
compilation terminated.
configure:2874: $? = 1
configure: failed program was:
| /* confdefs.h.  */
| 
| #define PACKAGE_NAME ""
| #define PACKAGE_TARNAME ""
| #define PACKAGE_VERSION ""
| #define PACKAGE_STRING ""
| #define PACKAGE_BUGREPORT ""
| #ifdef __cplusplus
| extern "C" void exit (int) throw ();
| #endif
| /* end confdefs.h.  */
| #include <ac_nonexistent.h>
configure:2913: result: gcc -E
configure:2937: gcc -E  conftest.c
configure:2943: $? = 0
configure:2975: gcc -E  conftest.c
conftest.c:12:28: fatal error: ac_nonexistent.h: No such file or directory
compilation terminated.
configure:2981: $? = 1
configure: failed program was:
| /* confdefs.h.  */
| 
| #define PACKAGE_NAME ""
| #define PACKAGE_TARNAME ""
| #define PACKAGE_VERSION ""
| #define PACKAGE_STRING ""
| #define PACKAGE_BUGREPORT ""
| #ifdef __cplusplus
| extern "C" void exit (int) throw ();
| #endif
| /* end confdefs.h.  */
| #include <ac_nonexistent.h>
configure:3025: checking for egrep
configure:3035: result: grep -E
configure:3040: checking for ANSI C header files
configure:3065: gcc -c -g -O2  conftest.c >&5
configure:3071: $? = 0
configure:3075: test -z 
			 || test ! -s conftest.err
configure:3078: $? = 0
configure:3081: test -s conftest.o
configure:3084: $? = 0
configure:3173: gcc -o conftest -g -O2   conftest.c  >&5
conftest.c: In function 'main':
conftest.c:29:7: warning: incompatible implicit declaration of built-in function 'exit' [enabled by default]
configure:3176: $? = 0
configure:3178: ./conftest
configure:3181: $? = 0
configure:3196: result: yes
configure:3220: checking for sys/types.h
configure:3236: gcc -c -g -O2  conftest.c >&5
configure:3242: $? = 0
configure:3246: test -z 
			 || test ! -s conftest.err
configure:3249: $? = 0
configure:3252: test -s conftest.o
configure:3255: $? = 0
configure:3266: result: yes
configure:3220: checking for sys/stat.h
configure:3236: gcc -c -g -O2  conftest.c >&5
configure:3242: $? = 0
configure:3246: test -z 
			 || test ! -s conftest.err
configure:3249: $? = 0
configure:3252: test -s conftest.o
configure:3255: $? = 0
configure:3266: result: yes
configure:3220: checking for stdlib.h
configure:3236: gcc -c -g -O2  conftest.c >&5
configure:3242: $? = 0
configure:3246: test -z 
			 || test ! -s conftest.err
configure:3249: $? = 0
configure:3252: test -s conftest.o
configure:3255: $? = 0
configure:3266: result: yes
configure:3220: checking for string.h
configure:3236: gcc -c -g -O2  conftest.c >&5
configure:3242: $? = 0
configure:3246: test -z 
			 || test ! -s conftest.err
configure:3249: $? = 0
configure:3252: test -s conftest.o
configure:3255: $? = 0
configure:3266: result: yes
configure:3220: checking for memory.h
configure:3236: gcc -c -g -O2  conftest.c >&5
configure:3242: $? = 0
configure:3246: test -z 
			 || test ! -s conftest.err
configure:3249: $? = 0
configure:3252: test -s conftest.o
configure:3255: $? = 0
configure:3266: result: yes
configure:3220: checking for strings.h
configure:3236: gcc -c -g -O2  conftest.c >&5
configure:3242: $? = 0
configure:3246: test -z 
			 || test ! -s conftest.err
configure:3249: $? = 0
configure:3252: test -s conftest.o
configure:3255: $? = 0
configure:3266: result: yes
configure:3220: checking for inttypes.h
configure:3236: gcc -c -g -O2  conftest.c >&5
configure:3242: $? = 0
configure:3246: test -z 
			 || test ! -s conftest.err
configure:3249: $? = 0
configure:3252: test -s conftest.o
configure:3255: $? = 0
configure:3266: result: yes
configure:3220: checking for stdint.h
configure:3236: gcc -c -g -O2  conftest.c >&5
configure:3242: $? = 0
configure:3246: test -z 
			 || test ! -s conftest.err
configure:3249: $? = 0
configure:3252: test -s conftest.o
configure:3255: $? = 0
configure:3266: result: yes
configure:3220: checking for unistd.h
configure:3236: gcc -c -g -O2  conftest.c >&5
configure:3242: $? = 0
configure:3246: test -z 
			 || test ! -s conftest.err
configure:3249: $? = 0
configure:3252: test -s conftest.o
configure:3255: $? = 0
configure:3266: result: yes
configure:3283: checking for string.h
configure:3288: result: yes
configure:3438: checking for main in -lXbsd
configure:3462: gcc -o conftest -g -O2   conftest.c -lXbsd   >&5
/usr/bin/ld: cannot find -lXbsd
collect2: ld returned 1 exit status
configure:3468: $? = 1
configure: failed program was:
| /* confdefs.h.  */
| 
| #define PACKAGE_NAME ""
| #define PACKAGE_TARNAME ""
| #define PACKAGE_VERSION ""
| #define PACKAGE_STRING ""
| #define PACKAGE_BUGREPORT ""
| #ifdef __cplusplus
| extern "C" void exit (int) throw ();
| #endif
| #define STDC_HEADERS 1
| #define HAVE_SYS_TYPES_H 1
| #define HAVE_SYS_STAT_H 1
| #define HAVE_STDLIB_H 1
| #define HAVE_STRING_H 1
| #define HAVE_MEMORY_H 1
| #define HAVE_STRINGS_H 1
| #define HAVE_INTTYPES_H 1
| #define HAVE_STDINT_H 1
| #define HAVE_UNISTD_H 1
| #define HAVE_STRING_H 1
| /* end confdefs.h.  */
| 
| 
| int
| main ()
| {
| main ();
|   ;
|   return 0;
| }
configure:3494: result: no
configure:3500: checking for socket in -lsocket
configure:3530: gcc -o conftest -g -O2   conftest.c -lsocket   >&5
/usr/bin/ld: cannot find -lsocket
collect2: ld returned 1 exit status
configure:3536: $? = 1
configure: failed program was:
| /* confdefs.h.  */
| 
| #define PACKAGE_NAME ""
| #define PACKAGE_TARNAME ""
| #define PACKAGE_VERSION ""
| #define PACKAGE_STRING ""
| #define PACKAGE_BUGREPORT ""
| #ifdef __cplusplus
| extern "C" void exit (int) throw ();
| #endif
| #define STDC_HEADERS 1
| #define HAVE_SYS_TYPES_H 1
| #define HAVE_SYS_STAT_H 1
| #define HAVE_STDLIB_H 1
| #define HAVE_STRING_H 1
| #define HAVE_MEMORY_H 1
| #define HAVE_STRINGS_H 1
| #define HAVE_INTTYPES_H 1
| #define HAVE_STDINT_H 1
| #define HAVE_UNISTD_H 1
| #define HAVE_STRING_H 1
| /* end confdefs.h.  */
| 
| /* Override any gcc2 internal prototype to avoid an error.  */
| #ifdef __cplusplus
| extern "C"
| #endif
| /* We use char because int might match the return type of a gcc2
|    builtin and then its argument prototype would still apply.  */
| char socket ();
| int
| main ()
| {
| socket ();
|   ;
|   return 0;
| }
configure:3562: result: no
configure:3568: checking for gethostbyname in -lnsl
configure:3598: gcc -o conftest -g -O2   conftest.c -lnsl   >&5
configure:3604: $? = 0
configure:3608: test -z 
			 || test ! -s conftest.err
configure:3611: $? = 0
configure:3614: test -s conftest
configure:3617: $? = 0
configure:3630: result: yes
configure:3636: checking for dcgettext in -lintl
configure:3666: gcc -o conftest -g -O2   conftest.c -lintl   >&5
conftest.c:30:6: warning: conflicting types for built-in function 'dcgettext' [enabled by default]
/usr/bin/ld: cannot find -lintl
collect2: ld returned 1 exit status
configure:3672: $? = 1
configure: failed program was:
| /* confdefs.h.  */
| 
| #define PACKAGE_NAME ""
| #define PACKAGE_TARNAME ""
| #define PACKAGE_VERSION ""
| #define PACKAGE_STRING ""
| #define PACKAGE_BUGREPORT ""
| #ifdef __cplusplus
| extern "C" void exit (int) throw ();
| #endif
| #define STDC_HEADERS 1
| #define HAVE_SYS_TYPES_H 1
| #define HAVE_SYS_STAT_H 1
| #define HAVE_STDLIB_H 1
| #define HAVE_STRING_H 1
| #define HAVE_MEMORY_H 1
| #define HAVE_STRINGS_H 1
| #define HAVE_INTTYPES_H 1
| #define HAVE_STDINT_H 1
| #define HAVE_UNISTD_H 1
| #define HAVE_STRING_H 1
| /* end confdefs.h.  */
| 
| /* Override any gcc2 internal prototype to avoid an error.  */
| #ifdef __cplusplus
| extern "C"
| #endif
| /* We use char because int might match the return type of a gcc2
|    builtin and then its argument prototype would still apply.  */
| char dcgettext ();
| int
| main ()
| {
| dcgettext ();
|   ;
|   return 0;
| }
configure:3698: result: no
configure:3704: checking for getnodebyname in -ldnet_stub
configure:3734: gcc -o conftest -g -O2   conftest.c -ldnet_stub   >&5
/usr/bin/ld: cannot find -ldnet_stub
collect2: ld returned 1 exit status
configure:3740: $? = 1
configure: failed program was:
| /* confdefs.h.  */
| 
| #define PACKAGE_NAME ""
| #define PACKAGE_TARNAME ""
| #define PACKAGE_VERSION ""
| #define PACKAGE_STRING ""
| #define PACKAGE_BUGREPORT ""
| #ifdef __cplusplus
| extern "C" void exit (int) throw ();
| #endif
| #define STDC_HEADERS 1
| #define HAVE_SYS_TYPES_H 1
| #define HAVE_SYS_STAT_H 1
| #define HAVE_STDLIB_H 1
| #define HAVE_STRING_H 1
| #define HAVE_MEMORY_H 1
| #define HAVE_STRINGS_H 1
| #define HAVE_INTTYPES_H 1
| #define HAVE_STDINT_H 1
| #define HAVE_UNISTD_H 1
| #define HAVE_STRING_H 1
| /* end confdefs.h.  */
| 
| /* Override any gcc2 internal prototype to avoid an error.  */
| #ifdef __cplusplus
| extern "C"
| #endif
| /* We use char because int might match the return type of a gcc2
|    builtin and then its argument prototype would still apply.  */
| char getnodebyname ();
| int
| main ()
| {
| getnodebyname ();
|   ;
|   return 0;
| }
configure:3766: result: no
configure:3812: checking that g++ can handle -O2
configure:3838: gcc -c -g -O2  conftest.c >&5
conftest.c: In function 'main':
conftest.c:29:3: error: 'error' undeclared (first use in this function)
conftest.c:29:3: note: each undeclared identifier is reported only once for each function it appears in
conftest.c:33:3: error: expected ';' before 'int'
configure:3844: $? = 1
configure: failed program was:
| /* confdefs.h.  */
| 
| #define PACKAGE_NAME ""
| #define PACKAGE_TARNAME ""
| #define PACKAGE_VERSION ""
| #define PACKAGE_STRING ""
| #define PACKAGE_BUGREPORT ""
| #ifdef __cplusplus
| extern "C" void exit (int) throw ();
| #endif
| #define STDC_HEADERS 1
| #define HAVE_SYS_TYPES_H 1
| #define HAVE_SYS_STAT_H 1
| #define HAVE_STDLIB_H 1
| #define HAVE_STRING_H 1
| #define HAVE_MEMORY_H 1
| #define HAVE_STRINGS_H 1
| #define HAVE_INTTYPES_H 1
| #define HAVE_STDINT_H 1
| #define HAVE_UNISTD_H 1
| #define HAVE_STRING_H 1
| /* end confdefs.h.  */
| 
| int
| main ()
| {
| #if __GNUC__ < 2  || __GNUC_MINOR__ < 8
| 		/* gcc */
| 		error
| 		#endif
| 		#if __GNUC_MINOR__ < 92
| 		/* egcs */
| 		int error;
| 		#endif
| 
|   ;
|   return 0;
| }
configure:3867: result: no
configure:3939: checking standard STL is available
configure:3971: g++ -c -g -O2  conftest.cc >&5
In file included from /usr/include/c++/4.6/backward/hash_map:61:0,
                 from conftest.cc:24:
/usr/include/c++/4.6/backward/backward_warning.h:33:2: warning: #warning This file includes at least one deprecated or antiquated header which may be removed without further notice at a future date. Please use a non-deprecated interface with equivalent functionality instead. For a listing of replacement headers and interfaces, consult the file backward_warning.h. To disable this warning use -Wno-deprecated. [-Wcpp]
conftest.cc:25:48: error: expected template-name before '<' token
conftest.cc:25:48: error: expected '{' before '<' token
conftest.cc:25:48: error: expected unqualified-id before '<' token
configure:3977: $? = 1
configure: failed program was:
| /* confdefs.h.  */
| 
| #define PACKAGE_NAME ""
| #define PACKAGE_TARNAME ""
| #define PACKAGE_VERSION ""
| #define PACKAGE_STRING ""
| #define PACKAGE_BUGREPORT ""
| #ifdef __cplusplus
| extern "C" void exit (int) throw ();
| #endif
| #define STDC_HEADERS 1
| #define HAVE_SYS_TYPES_H 1
| #define HAVE_SYS_STAT_H 1
| #define HAVE_STDLIB_H 1
| #define HAVE_STRING_H 1
| #define HAVE_MEMORY_H 1
| #define HAVE_STRINGS_H 1
| #define HAVE_INTTYPES_H 1
| #define HAVE_STDINT_H 1
| #define HAVE_UNISTD_H 1
| #define HAVE_STRING_H 1
| /* end confdefs.h.  */
| #include <list>
| 	#include <hash_map>
| 	template <class _T> class tlist : public list <_T> {};
| 
| int
| main ()
| {
| return 0;
| 
|   ;
|   return 0;
| }
configure:3999: result: no
configure:4089: checking for ranlib
configure:4105: found /usr/bin/ranlib
configure:4116: result: ranlib
configure:4134: checking for snprintf
configure:4191: gcc -o conftest -g -O2   conftest.c  >&5
conftest.c:47:6: warning: conflicting types for built-in function 'snprintf' [enabled by default]
configure:4197: $? = 0
configure:4201: test -z 
			 || test ! -s conftest.err
configure:4204: $? = 0
configure:4207: test -s conftest
configure:4210: $? = 0
configure:4222: result: yes
configure:4232: checking for ANSI C header files
configure:4388: result: yes
configure:4405: checking for strtoq
configure:4462: gcc -o conftest -g -O2   conftest.c  >&5
configure:4468: $? = 0
configure:4472: test -z 
			 || test ! -s conftest.err
configure:4475: $? = 0
configure:4478: test -s conftest
configure:4481: $? = 0
configure:4493: result: yes
configure:4405: checking for strtoll
configure:4462: gcc -o conftest -g -O2   conftest.c  >&5
configure:4468: $? = 0
configure:4472: test -z 
			 || test ! -s conftest.err
configure:4475: $? = 0
configure:4478: test -s conftest
configure:4481: $? = 0
configure:4493: result: yes
configure:4508: checking for long
configure:4532: gcc -c -g -O2  conftest.c >&5
configure:4538: $? = 0
configure:4542: test -z 
			 || test ! -s conftest.err
configure:4545: $? = 0
configure:4548: test -s conftest.o
configure:4551: $? = 0
configure:4562: result: yes
configure:4565: checking size of long
configure:4884: gcc -o conftest -g -O2   conftest.c  >&5
configure:4887: $? = 0
configure:4889: ./conftest
configure:4892: $? = 0
configure:4915: result: 4
configure:5018: checking for __int64_t
configure:5038: gcc -o conftest -g -O2   conftest.c  >&5
conftest.c: In function 'main':
conftest.c:29:10: error: unknown type name '__int64_t'
conftest.c:29:23: warning: incompatible implicit declaration of built-in function 'exit' [enabled by default]
configure:5041: $? = 1
configure: program exited with status 1
configure: failed program was:
| /* confdefs.h.  */
| 
| #define PACKAGE_NAME ""
| #define PACKAGE_TARNAME ""
| #define PACKAGE_VERSION ""
| #define PACKAGE_STRING ""
| #define PACKAGE_BUGREPORT ""
| #ifdef __cplusplus
| extern "C" void exit (int) throw ();
| #endif
| #define STDC_HEADERS 1
| #define HAVE_SYS_TYPES_H 1
| #define HAVE_SYS_STAT_H 1
| #define HAVE_STDLIB_H 1
| #define HAVE_STRING_H 1
| #define HAVE_MEMORY_H 1
| #define HAVE_STRINGS_H 1
| #define HAVE_INTTYPES_H 1
| #define HAVE_STDINT_H 1
| #define HAVE_UNISTD_H 1
| #define HAVE_STRING_H 1
| #define HAVE_SNPRINTF 1
| #define STDC_HEADERS 1
| #define HAVE_STRTOQ 1
| #define HAVE_STRTOLL 1
| #define SIZEOF_LONG 4
| /* end confdefs.h.  */
| 
| main() { __int64_t x; exit (sizeof(x) >= 8 ? 0 : 1); }
| 
configure:5060: result: no
configure:5066: checking for long long
configure:5086: gcc -o conftest -g -O2   conftest.c  >&5
conftest.c: In function 'main':
conftest.c:29:23: warning: incompatible implicit declaration of built-in function 'exit' [enabled by default]
configure:5089: $? = 0
configure:5091: ./conftest
configure:5094: $? = 0
configure:5108: result: yes
configure:5116: checking for int64_t
configure:5142: result: yes
configure:5153: checking which kind of 64-bit int to use
configure:5166: result: int64_t
configure:5382: checking for tcl.h
configure:5430: result: -I../include
configure:5436: checking for tclInt.h
configure:5484: result: -I../include
configure:5490: checking for libtcl8.4
configure:5554: result: -L../lib -ltcl8.4
configure:5560: checking for init.tcl
configure:5599: result: ../lib/tcl8.4
configure:5616: checking for http.tcl
configure:5655: result: ../lib/tcl8.4/http1.0
configure:5660: checking Tcl http.tcl library
configure:5664: result: yes
configure:5687: checking for tclsh8.4.11
configure:5720: result: no
configure:5687: checking for tclsh8.4
configure:5705: found ../bin/tclsh8.4
configure:5717: result: ../bin/tclsh8.4
configure:5949: checking for tk.h
configure:5997: result: -I../include
configure:6003: checking for libtk8.4
configure:6067: result: -L../lib -ltk8.4
configure:6073: checking for tk.tcl
configure:6112: result: ../lib/tk8.4
configure:6211: checking for otcl.h
configure:6259: result: -I../otcl-1.12
configure:6265: checking for libotcl1.12
configure:6329: result: -L../otcl-1.12 -lotcl
configure:6413: gcc -E  conftest.c
configure:6419: $? = 0
configure:6459: checking for XOpenDisplay in -lX11
configure:6489: gcc -o conftest -g -O2   conftest.c -lX11   >&5
configure:6495: $? = 0
configure:6499: test -z 
			 || test ! -s conftest.err
configure:6502: $? = 0
configure:6505: test -s conftest
configure:6508: $? = 0
configure:6521: result: yes
configure:6547: checking for XShmAttach in -lXext
configure:6577: gcc -o conftest -g -O2   conftest.c -lXext -lX11  >&5
configure:6583: $? = 0
configure:6587: test -z 
			 || test ! -s conftest.err
configure:6590: $? = 0
configure:6593: test -s conftest
configure:6596: $? = 0
configure:6609: result: yes
configure:6796: checking for dlopen in -ldl
configure:6826: gcc -o conftest -g -O2   conftest.c -ldl   >&5
configure:6832: $? = 0
configure:6836: test -z 
			 || test ! -s conftest.err
configure:6839: $? = 0
configure:6842: test -s conftest
configure:6845: $? = 0
configure:6858: result: yes
configure:7050: checking for a BSD-compatible install
configure:7105: result: /usr/bin/install -c
configure:7214: creating ./config.status

## ---------------------- ##
## Running config.status. ##
## ---------------------- ##

This file was extended by config.status, which was
generated by GNU Autoconf 2.59.  Invocation command line was

  CONFIG_FILES    = 
  CONFIG_HEADERS  = 
  CONFIG_LINKS    = 
  CONFIG_COMMANDS = 
  $ ./config.status 

on yongj-VirtualBox

config.status:699: creating Makefile
config.status:803: creating config.h
config.status:933: config.h is unchanged

## ---------------- ##
## Cache variables. ##
## ---------------- ##

ac_cv_build=i686-pc-linux-gnu
ac_cv_build_alias=i686-pc-linux-gnu
ac_cv_c_compiler_gnu=yes
ac_cv_cxx_compiler_gnu=yes
ac_cv_env_CC_set=
ac_cv_env_CC_value=
ac_cv_env_CFLAGS_set=
ac_cv_env_CFLAGS_value=
ac_cv_env_CPPFLAGS_set=
ac_cv_env_CPPFLAGS_value=
ac_cv_env_CPP_set=
ac_cv_env_CPP_value=
ac_cv_env_CXXFLAGS_set=
ac_cv_env_CXXFLAGS_value=
ac_cv_env_CXX_set=
ac_cv_env_CXX_value=
ac_cv_env_LDFLAGS_set=
ac_cv_env_LDFLAGS_value=
ac_cv_env_build_alias_set=
ac_cv_env_build_alias_value=
ac_cv_env_host_alias_set=
ac_cv_env_host_alias_value=
ac_cv_env_target_alias_set=
ac_cv_env_target_alias_value=
ac_cv_exeext=
ac_cv_func_snprintf=yes
ac_cv_func_strtoll=yes
ac_cv_func_strtoq=yes
ac_cv_header_inttypes_h=yes
ac_cv_header_memory_h=yes
ac_cv_header_stdc=yes
ac_cv_header_stdint_h=yes
ac_cv_header_stdlib_h=yes
ac_cv_header_string_h=yes
ac_cv_header_strings_h=yes
ac_cv_header_sys_stat_h=yes
ac_cv_header_sys_types_h=yes
ac_cv_header_unistd_h=yes
ac_cv_host=i686-pc-linux-gnu
ac_cv_host_alias=i686-pc-linux-gnu
ac_cv_lib_X11_XOpenDisplay=yes
ac_cv_lib_Xbsd_main=no
ac_cv_lib_Xext_XShmAttach=yes
ac_cv_lib_dl_dlopen=yes
ac_cv_lib_dnet_stub_getnodebyname=no
ac_cv_lib_intl_dcgettext=no
ac_cv_lib_nsl_gethostbyname=yes
ac_cv_lib_socket_socket=no
ac_cv_objext=o
ac_cv_path_V_TCLSH=../bin/tclsh8.4
ac_cv_path_install='/usr/bin/install -c'
ac_cv_prog_CPP='gcc -E'
ac_cv_prog_ac_ct_CC=gcc
ac_cv_prog_ac_ct_CXX=g++
ac_cv_prog_ac_ct_RANLIB=ranlib
ac_cv_prog_cc_g=yes
ac_cv_prog_cc_stdc=
ac_cv_prog_cxx_g=yes
ac_cv_prog_egrep='grep -E'
ac_cv_sizeof_long=4
ac_cv_target=i686-pc-linux-gnu
ac_cv_target_alias=i686-pc-linux-gnu
ac_cv_type_int64_t=yes
ac_cv_type_long=yes

## ----------------- ##
## Output variables. ##
## ----------------- ##

CC='gcc'
CFLAGS='-g -O2'
CPP='gcc -E'
CPPFLAGS=''
CXX='g++'
CXXFLAGS='-g -O2'
DEFS='-DHAVE_CONFIG_H'
ECHO_C=''
ECHO_N='-n'
ECHO_T=''
EGREP='grep -E'
EXEEXT=''
INSTALL_DATA='${INSTALL} -m 644'
INSTALL_PROGRAM='${INSTALL}'
INSTALL_SCRIPT='${INSTALL}'
LDFLAGS=''
LIBOBJS=''
LIBS=''
LTLIBOBJS=''
OBJEXT='o'
PACKAGE_BUGREPORT=''
PACKAGE_NAME=''
PACKAGE_STRING=''
PACKAGE_TARNAME=''
PACKAGE_VERSION=''
PATH_SEPARATOR=':'
RANLIB='ranlib'
SHELL='/bin/bash'
V_ALL='libtclcl.a'
V_AR='ar cr'
V_BROKEN_OBJ=''
V_CCOPT=''
V_DEFINE=' -DNDEBUG -DUSE_SHM'
V_DEFINES='-DHAVE_LIBOTCL1_12 -DHAVE_OTCL_H -DHAVE_LIBTK8_4 -DHAVE_TK_H -DHAVE_LIBTCL8_4 -DHAVE_TCLINT_H -DHAVE_TCL_H '
V_INCLUDE=''
V_INCLUDES='-I/home/yongj/NS2/otcl-1.12 -I/home/yongj/NS2/include -I/home/yongj/NS2/include -I/home/yongj/NS2/include'
V_INCLUDE_X11=''
V_LIB=' -lnsl -ldl'
V_LIBRARY_TCL='../lib/tcl8.4'
V_LIBRARY_TK='../lib/tk8.4'
V_LIBS='-L/home/yongj/NS2/otcl-1.12 -lotcl -L/home/yongj/NS2/lib -ltk8.4 -L/home/yongj/NS2/lib -ltcl8.4'
V_LIB_OTCL='-L/home/yongj/NS2/otcl-1.12 -lotcl'
V_LIB_TCL='-L/home/yongj/NS2/lib -ltcl8.4'
V_LIB_TCLCL=''
V_LIB_TK='-L/home/yongj/NS2/lib -ltk8.4'
V_LIB_X11='-lXext -lX11'
V_LSSCRIPT=''
V_NS_TCL_LIB_STL=''
V_OBJ=''
V_OBJ_CRYPT=''
V_RANLIB='ranlib'
V_SHELL=''
V_SIGRET='void'
V_STATIC=''
V_STLOBJ=''
V_TARCMD='tar cfh'
V_TAR_EXTRA=''
V_TAR_TARGET='linux-gnu'
V_TCLSH='/home/yongj/NS2/bin/tclsh8.4'
V_TCL_LIBRARY_FILES='$(TCL_BASE_LIBRARY_FILES) ../lib/tcl8.4/http1.0/http.tcl'
V_TKDOSNAMES='$(LIBRARY_TK)/optMenu.tcl $(LIBRARY_TK)/scrlbar.tcl'
ac_ct_CC='gcc'
ac_ct_CXX='g++'
ac_ct_RANLIB='ranlib'
bindir='${exec_prefix}/bin'
build='i686-pc-linux-gnu'
build_alias=''
build_cpu='i686'
build_os='linux-gnu'
build_vendor='pc'
datadir='${prefix}/share'
exec_prefix='${prefix}'
host='i686-pc-linux-gnu'
host_alias=''
host_cpu='i686'
host_os='linux-gnu'
host_vendor='pc'
includedir='${prefix}/include'
infodir='${prefix}/info'
libdir='${exec_prefix}/lib'
libexecdir='${exec_prefix}/libexec'
localstatedir='${prefix}/var'
mandir='${prefix}/man'
oldincludedir='/usr/include'
prefix='/usr/local'
program_transform_name='s,x,x,'
sbindir='${exec_prefix}/sbin'
sharedstatedir='${prefix}/com'
sysconfdir='${prefix}/etc'
target='i686-pc-linux-gnu'
target_alias=''
target_cpu='i686'
target_os='linux-gnu'
target_vendor='pc'

## ----------- ##
## confdefs.h. ##
## ----------- ##

#define HAVE_INT64 1
#define HAVE_INTTYPES_H 1
#define HAVE_LIBOTCL1_12 1
#define HAVE_LIBTCL8_4 1
#define HAVE_LIBTK8_4 1
#define HAVE_MEMORY_H 1
#define HAVE_OTCL_H 1
#define HAVE_SNPRINTF 1
#define HAVE_STDINT_H 1
#define HAVE_STDLIB_H 1
#define HAVE_STRINGS_H 1
#define HAVE_STRING_H 1
#define HAVE_STRING_H 1
#define HAVE_STRTOLL 1
#define HAVE_STRTOQ 1
#define HAVE_SYS_STAT_H 1
#define HAVE_SYS_TYPES_H 1
#define HAVE_TCLINT_H 1
#define HAVE_TCL_H 1
#define HAVE_TK_H 1
#define HAVE_UNISTD_H 1
#define PACKAGE_BUGREPORT ""
#define PACKAGE_NAME ""
#define PACKAGE_STRING ""
#define PACKAGE_TARNAME ""
#define PACKAGE_VERSION ""
#define SIZEOF_LONG 4
#define STDC_HEADERS 1
#define STDC_HEADERS 1
#endif
#ifdef __cplusplus
extern "C" void exit (int) throw ();

configure: exit 0
