This file contains any messages produced by compilers while
running configure, to aid debugging if configure makes a mistake.

It was created by configure, which was
generated by GNU Autoconf 2.59.  Invocation command line was

  $ ./configure --with-otcl=../otcl-1.12 --with-tclcl=../tclcl-1.18

## --------- ##
## Platform. ##
## --------- ##

hostname = yongj-VirtualBox
uname -m = i686
uname -r = 3.0.0-25-generic
uname -s = Linux
uname -v = #41-Ubuntu SMP Mon Aug 13 17:59:54 UTC 2012

/usr/bin/uname -p = unknown
/bin/uname -X     = unknown

/bin/arch              = unknown
/usr/bin/arch -k       = unknown
/usr/convex/getsysinfo = unknown
hostinfo               = unknown
/bin/machine           = unknown
/usr/bin/oslevel       = unknown
/bin/universe          = unknown

PATH: /home/yongj/NS2/tcl8.4.13/unix
PATH: /home/yongj/NS2/tk8.4.13/unix
PATH: /home/yongj/NS2/bin
PATH: /usr/lib/lightdm/lightdm
PATH: /usr/local/sbin
PATH: /usr/local/bin
PATH: /usr/sbin
PATH: /usr/bin
PATH: /sbin
PATH: /bin
PATH: /usr/games
PATH: /usr/bin/jvm/java-6-sun/bin
PATH: /usr/local/mysql/bin
PATH: /home/yongj/muduo/build/debug-install/include


## ----------- ##
## Core tests. ##
## ----------- ##

configure:1443: checking build system type
configure:1461: result: i686-pc-linux-gnu
configure:1469: checking host system type
configure:1483: result: i686-pc-linux-gnu
configure:1491: checking target system type
configure:1505: result: i686-pc-linux-gnu
configure:1566: checking for gcc
configure:1582: found /usr/bin/gcc
configure:1592: result: gcc
configure:1836: checking for C compiler version
configure:1839: gcc --version </dev/null >&5
gcc (Ubuntu/Linaro 4.6.1-9ubuntu3) 4.6.1
Copyright (C) 2011 Free Software Foundation, Inc.
This is free software; see the source for copying conditions.  There is NO
warranty; not even for MERCHANTABILITY or FITNESS FOR A PARTICULAR PURPOSE.

configure:1842: $? = 0
configure:1844: gcc -v </dev/null >&5
Using built-in specs.
COLLECT_GCC=gcc
COLLECT_LTO_WRAPPER=/usr/lib/gcc/i686-linux-gnu/4.6.1/lto-wrapper
Target: i686-linux-gnu
Configured with: ../src/configure -v --with-pkgversion='Ubuntu/Linaro 4.6.1-9ubuntu3' --with-bugurl=file:///usr/share/doc/gcc-4.6/README.Bugs --enable-languages=c,c++,fortran,objc,obj-c++,go --prefix=/usr --program-suffix=-4.6 --enable-shared --enable-linker-build-id --with-system-zlib --libexecdir=/usr/lib --without-included-gettext --enable-threads=posix --with-gxx-include-dir=/usr/include/c++/4.6 --libdir=/usr/lib --enable-nls --with-sysroot=/ --enable-clocale=gnu --enable-libstdcxx-debug --enable-libstdcxx-time=yes --enable-plugin --enable-objc-gc --enable-targets=all --disable-werror --with-arch-32=i686 --with-tune=generic --enable-checking=release --build=i686-linux-gnu --host=i686-linux-gnu --target=i686-linux-gnu
Thread model: posix
gcc version 4.6.1 (Ubuntu/Linaro 4.6.1-9ubuntu3) 
configure:1847: $? = 0
configure:1849: gcc -V </dev/null >&5
gcc: error: unrecognized option '-V'
gcc: fatal error: no input files
compilation terminated.
configure:1852: $? = 4
configure:1875: checking for C compiler default output file name
configure:1878: gcc    conftest.c  >&5
configure:1881: $? = 0
configure:1927: result: a.out
configure:1932: checking whether the C compiler works
configure:1938: ./a.out
configure:1941: $? = 0
configure:1958: result: yes
configure:1965: checking whether we are cross compiling
configure:1967: result: no
configure:1970: checking for suffix of executables
configure:1972: gcc -o conftest    conftest.c  >&5
configure:1975: $? = 0
configure:2000: result: 
configure:2006: checking for suffix of object files
configure:2027: gcc -c   conftest.c >&5
configure:2030: $? = 0
configure:2052: result: o
configure:2056: checking whether we are using the GNU C compiler
configure:2080: gcc -c   conftest.c >&5
configure:2086: $? = 0
configure:2089: test -z 			 || test ! -s conftest.err
configure:2092: $? = 0
configure:2095: test -s conftest.o
configure:2098: $? = 0
configure:2111: result: yes
configure:2117: checking whether gcc accepts -g
configure:2138: gcc -c -g  conftest.c >&5
configure:2144: $? = 0
configure:2147: test -z 			 || test ! -s conftest.err
configure:2150: $? = 0
configure:2153: test -s conftest.o
configure:2156: $? = 0
configure:2167: result: yes
configure:2184: checking for gcc option to accept ANSI C
configure:2254: gcc  -c -g -O2  conftest.c >&5
configure:2260: $? = 0
configure:2263: test -z 			 || test ! -s conftest.err
configure:2266: $? = 0
configure:2269: test -s conftest.o
configure:2272: $? = 0
configure:2290: result: none needed
configure:2308: gcc -c -g -O2  conftest.c >&5
conftest.c:2:3: error: unknown type name 'choke'
conftest.c:2:3: error: expected '=', ',', ';', 'asm' or '__attribute__' at end of input
configure:2314: $? = 1
configure: failed program was:
| #ifndef __cplusplus
|   choke me
| #endif
configure:2496: checking for g++
configure:2512: found /usr/bin/g++
configure:2522: result: g++
configure:2538: checking for C++ compiler version
configure:2541: g++ --version </dev/null >&5
g++ (Ubuntu/Linaro 4.6.1-9ubuntu3) 4.6.1
Copyright (C) 2011 Free Software Foundation, Inc.
This is free software; see the source for copying conditions.  There is NO
warranty; not even for MERCHANTABILITY or FITNESS FOR A PARTICULAR PURPOSE.

configure:2544: $? = 0
configure:2546: g++ -v </dev/null >&5
Using built-in specs.
COLLECT_GCC=g++
COLLECT_LTO_WRAPPER=/usr/lib/gcc/i686-linux-gnu/4.6.1/lto-wrapper
Target: i686-linux-gnu
Configured with: ../src/configure -v --with-pkgversion='Ubuntu/Linaro 4.6.1-9ubuntu3' --with-bugurl=file:///usr/share/doc/gcc-4.6/README.Bugs --enable-languages=c,c++,fortran,objc,obj-c++,go --prefix=/usr --program-suffix=-4.6 --enable-shared --enable-linker-build-id --with-system-zlib --libexecdir=/usr/lib --without-included-gettext --enable-threads=posix --with-gxx-include-dir=/usr/include/c++/4.6 --libdir=/usr/lib --enable-nls --with-sysroot=/ --enable-clocale=gnu --enable-libstdcxx-debug --enable-libstdcxx-time=yes --enable-plugin --enable-objc-gc --enable-targets=all --disable-werror --with-arch-32=i686 --with-tune=generic --enable-checking=release --build=i686-linux-gnu --host=i686-linux-gnu --target=i686-linux-gnu
Thread model: posix
gcc version 4.6.1 (Ubuntu/Linaro 4.6.1-9ubuntu3) 
configure:2549: $? = 0
configure:2551: g++ -V </dev/null >&5
g++: error: unrecognized option '-V'
g++: fatal error: no input files
compilation terminated.
configure:2554: $? = 4
configure:2557: checking whether we are using the GNU C++ compiler
configure:2581: g++ -c   conftest.cc >&5
configure:2587: $? = 0
configure:2590: test -z 			 || test ! -s conftest.err
configure:2593: $? = 0
configure:2596: test -s conftest.o
configure:2599: $? = 0
configure:2612: result: yes
configure:2618: checking whether g++ accepts -g
configure:2639: g++ -c -g  conftest.cc >&5
configure:2645: $? = 0
configure:2648: test -z 			 || test ! -s conftest.err
configure:2651: $? = 0
configure:2654: test -s conftest.o
configure:2657: $? = 0
configure:2668: result: yes
configure:2710: g++ -c -g -O2  conftest.cc >&5
configure:2716: $? = 0
configure:2719: test -z 			 || test ! -s conftest.err
configure:2722: $? = 0
configure:2725: test -s conftest.o
configure:2728: $? = 0
configure:2754: g++ -c -g -O2  conftest.cc >&5
conftest.cc: In function 'int main()':
conftest.cc:14:9: error: 'exit' was not declared in this scope
configure:2760: $? = 1
configure: failed program was:
| /* confdefs.h.  */
| 
| #define PACKAGE_NAME ""
| #define PACKAGE_TARNAME ""
| #define PACKAGE_VERSION ""
| #define PACKAGE_STRING ""
| #define PACKAGE_BUGREPORT ""
| #define _GNU_SOURCE 1
| /* end confdefs.h.  */
| 
| int
| main ()
| {
| exit (42);
|   ;
|   return 0;
| }
configure:2710: g++ -c -g -O2  conftest.cc >&5
conftest.cc:10:40: error: 'void std::exit(int)' should have been declared inside 'std'
configure:2716: $? = 1
configure: failed program was:
| /* confdefs.h.  */
| 
| #define PACKAGE_NAME ""
| #define PACKAGE_TARNAME ""
| #define PACKAGE_VERSION ""
| #define PACKAGE_STRING ""
| #define PACKAGE_BUGREPORT ""
| #define _GNU_SOURCE 1
| /* end confdefs.h.  */
| extern "C" void std::exit (int) throw (); using std::exit;
| #include <stdlib.h>
| int
| main ()
| {
| exit (42);
|   ;
|   return 0;
| }
configure:2710: g++ -c -g -O2  conftest.cc >&5
conftest.cc:10:31: error: 'void std::exit(int)' should have been declared inside 'std'
In file included from conftest.cc:11:0:
/usr/include/stdlib.h:544:70: error: declaration of 'void std::exit(int) throw ()' has a different exception specifier
conftest.cc:10:17: error: from previous declaration 'void std::exit(int)'
configure:2716: $? = 1
configure: failed program was:
| /* confdefs.h.  */
| 
| #define PACKAGE_NAME ""
| #define PACKAGE_TARNAME ""
| #define PACKAGE_VERSION ""
| #define PACKAGE_STRING ""
| #define PACKAGE_BUGREPORT ""
| #define _GNU_SOURCE 1
| /* end confdefs.h.  */
| extern "C" void std::exit (int); using std::exit;
| #include <stdlib.h>
| int
| main ()
| {
| exit (42);
|   ;
|   return 0;
| }
configure:2710: g++ -c -g -O2  conftest.cc >&5
configure:2716: $? = 0
configure:2719: test -z 			 || test ! -s conftest.err
configure:2722: $? = 0
configure:2725: test -s conftest.o
configure:2728: $? = 0
configure:2754: g++ -c -g -O2  conftest.cc >&5
configure:2760: $? = 0
configure:2763: test -z 			 || test ! -s conftest.err
configure:2766: $? = 0
configure:2769: test -s conftest.o
configure:2772: $? = 0
configure:2801: checking how to run the C preprocessor
configure:2836: gcc -E  conftest.c
configure:2842: $? = 0
configure:2874: gcc -E  conftest.c
conftest.c:13:28: fatal error: ac_nonexistent.h: No such file or directory
compilation terminated.
configure:2880: $? = 1
configure: failed program was:
| /* confdefs.h.  */
| 
| #define PACKAGE_NAME ""
| #define PACKAGE_TARNAME ""
| #define PACKAGE_VERSION ""
| #define PACKAGE_STRING ""
| #define PACKAGE_BUGREPORT ""
| #define _GNU_SOURCE 1
| #ifdef __cplusplus
| extern "C" void exit (int) throw ();
| #endif
| /* end confdefs.h.  */
| #include <ac_nonexistent.h>
configure:2919: result: gcc -E
configure:2943: gcc -E  conftest.c
configure:2949: $? = 0
configure:2981: gcc -E  conftest.c
conftest.c:13:28: fatal error: ac_nonexistent.h: No such file or directory
compilation terminated.
configure:2987: $? = 1
configure: failed program was:
| /* confdefs.h.  */
| 
| #define PACKAGE_NAME ""
| #define PACKAGE_TARNAME ""
| #define PACKAGE_VERSION ""
| #define PACKAGE_STRING ""
| #define PACKAGE_BUGREPORT ""
| #define _GNU_SOURCE 1
| #ifdef __cplusplus
| extern "C" void exit (int) throw ();
| #endif
| /* end confdefs.h.  */
| #include <ac_nonexistent.h>
configure:3031: checking for egrep
configure:3041: result: grep -E
configure:3046: checking for ANSI C header files
configure:3071: gcc -c -g -O2  conftest.c >&5
configure:3077: $? = 0
configure:3080: test -z 			 || test ! -s conftest.err
configure:3083: $? = 0
configure:3086: test -s conftest.o
configure:3089: $? = 0
configure:3178: gcc -o conftest -g -O2   conftest.c  >&5
conftest.c: In function 'main':
conftest.c:30:7: warning: incompatible implicit declaration of built-in function 'exit' [enabled by default]
configure:3181: $? = 0
configure:3183: ./conftest
configure:3186: $? = 0
configure:3201: result: yes
configure:3225: checking for sys/types.h
configure:3241: gcc -c -g -O2  conftest.c >&5
configure:3247: $? = 0
configure:3250: test -z 			 || test ! -s conftest.err
configure:3253: $? = 0
configure:3256: test -s conftest.o
configure:3259: $? = 0
configure:3270: result: yes
configure:3225: checking for sys/stat.h
configure:3241: gcc -c -g -O2  conftest.c >&5
configure:3247: $? = 0
configure:3250: test -z 			 || test ! -s conftest.err
configure:3253: $? = 0
configure:3256: test -s conftest.o
configure:3259: $? = 0
configure:3270: result: yes
configure:3225: checking for stdlib.h
configure:3241: gcc -c -g -O2  conftest.c >&5
configure:3247: $? = 0
configure:3250: test -z 			 || test ! -s conftest.err
configure:3253: $? = 0
configure:3256: test -s conftest.o
configure:3259: $? = 0
configure:3270: result: yes
configure:3225: checking for string.h
configure:3241: gcc -c -g -O2  conftest.c >&5
configure:3247: $? = 0
configure:3250: test -z 			 || test ! -s conftest.err
configure:3253: $? = 0
configure:3256: test -s conftest.o
configure:3259: $? = 0
configure:3270: result: yes
configure:3225: checking for memory.h
configure:3241: gcc -c -g -O2  conftest.c >&5
configure:3247: $? = 0
configure:3250: test -z 			 || test ! -s conftest.err
configure:3253: $? = 0
configure:3256: test -s conftest.o
configure:3259: $? = 0
configure:3270: result: yes
configure:3225: checking for strings.h
configure:3241: gcc -c -g -O2  conftest.c >&5
configure:3247: $? = 0
configure:3250: test -z 			 || test ! -s conftest.err
configure:3253: $? = 0
configure:3256: test -s conftest.o
configure:3259: $? = 0
configure:3270: result: yes
configure:3225: checking for inttypes.h
configure:3241: gcc -c -g -O2  conftest.c >&5
configure:3247: $? = 0
configure:3250: test -z 			 || test ! -s conftest.err
configure:3253: $? = 0
configure:3256: test -s conftest.o
configure:3259: $? = 0
configure:3270: result: yes
configure:3225: checking for stdint.h
configure:3241: gcc -c -g -O2  conftest.c >&5
configure:3247: $? = 0
configure:3250: test -z 			 || test ! -s conftest.err
configure:3253: $? = 0
configure:3256: test -s conftest.o
configure:3259: $? = 0
configure:3270: result: yes
configure:3225: checking for unistd.h
configure:3241: gcc -c -g -O2  conftest.c >&5
configure:3247: $? = 0
configure:3250: test -z 			 || test ! -s conftest.err
configure:3253: $? = 0
configure:3256: test -s conftest.o
configure:3259: $? = 0
configure:3270: result: yes
configure:3287: checking for string.h
configure:3292: result: yes
configure:3441: checking for main in -lXbsd
configure:3465: gcc -o conftest -g -O2   conftest.c -lXbsd   >&5
/usr/bin/ld: cannot find -lXbsd
collect2: ld returned 1 exit status
configure:3471: $? = 1
configure: failed program was:
| /* confdefs.h.  */
| 
| #define PACKAGE_NAME ""
| #define PACKAGE_TARNAME ""
| #define PACKAGE_VERSION ""
| #define PACKAGE_STRING ""
| #define PACKAGE_BUGREPORT ""
| #define _GNU_SOURCE 1
| #ifdef __cplusplus
| extern "C" void exit (int) throw ();
| #endif
| #define STDC_HEADERS 1
| #define HAVE_SYS_TYPES_H 1
| #define HAVE_SYS_STAT_H 1
| #define HAVE_STDLIB_H 1
| #define HAVE_STRING_H 1
| #define HAVE_MEMORY_H 1
| #define HAVE_STRINGS_H 1
| #define HAVE_INTTYPES_H 1
| #define HAVE_STDINT_H 1
| #define HAVE_UNISTD_H 1
| #define HAVE_STRING_H 1
| /* end confdefs.h.  */
| 
| 
| int
| main ()
| {
| main ();
|   ;
|   return 0;
| }
configure:3496: result: no
configure:3502: checking for socket in -lsocket
configure:3532: gcc -o conftest -g -O2   conftest.c -lsocket   >&5
/usr/bin/ld: cannot find -lsocket
collect2: ld returned 1 exit status
configure:3538: $? = 1
configure: failed program was:
| /* confdefs.h.  */
| 
| #define PACKAGE_NAME ""
| #define PACKAGE_TARNAME ""
| #define PACKAGE_VERSION ""
| #define PACKAGE_STRING ""
| #define PACKAGE_BUGREPORT ""
| #define _GNU_SOURCE 1
| #ifdef __cplusplus
| extern "C" void exit (int) throw ();
| #endif
| #define STDC_HEADERS 1
| #define HAVE_SYS_TYPES_H 1
| #define HAVE_SYS_STAT_H 1
| #define HAVE_STDLIB_H 1
| #define HAVE_STRING_H 1
| #define HAVE_MEMORY_H 1
| #define HAVE_STRINGS_H 1
| #define HAVE_INTTYPES_H 1
| #define HAVE_STDINT_H 1
| #define HAVE_UNISTD_H 1
| #define HAVE_STRING_H 1
| /* end confdefs.h.  */
| 
| /* Override any gcc2 internal prototype to avoid an error.  */
| #ifdef __cplusplus
| extern "C"
| #endif
| /* We use char because int might match the return type of a gcc2
|    builtin and then its argument prototype would still apply.  */
| char socket ();
| int
| main ()
| {
| socket ();
|   ;
|   return 0;
| }
configure:3563: result: no
configure:3569: checking for gethostbyname in -lnsl
configure:3599: gcc -o conftest -g -O2   conftest.c -lnsl   >&5
configure:3605: $? = 0
configure:3608: test -z 			 || test ! -s conftest.err
configure:3611: $? = 0
configure:3614: test -s conftest
configure:3617: $? = 0
configure:3630: result: yes
configure:3636: checking for dcgettext in -lintl
configure:3666: gcc -o conftest -g -O2   conftest.c -lintl   >&5
conftest.c:31:6: warning: conflicting types for built-in function 'dcgettext' [enabled by default]
/usr/bin/ld: cannot find -lintl
collect2: ld returned 1 exit status
configure:3672: $? = 1
configure: failed program was:
| /* confdefs.h.  */
| 
| #define PACKAGE_NAME ""
| #define PACKAGE_TARNAME ""
| #define PACKAGE_VERSION ""
| #define PACKAGE_STRING ""
| #define PACKAGE_BUGREPORT ""
| #define _GNU_SOURCE 1
| #ifdef __cplusplus
| extern "C" void exit (int) throw ();
| #endif
| #define STDC_HEADERS 1
| #define HAVE_SYS_TYPES_H 1
| #define HAVE_SYS_STAT_H 1
| #define HAVE_STDLIB_H 1
| #define HAVE_STRING_H 1
| #define HAVE_MEMORY_H 1
| #define HAVE_STRINGS_H 1
| #define HAVE_INTTYPES_H 1
| #define HAVE_STDINT_H 1
| #define HAVE_UNISTD_H 1
| #define HAVE_STRING_H 1
| /* end confdefs.h.  */
| 
| /* Override any gcc2 internal prototype to avoid an error.  */
| #ifdef __cplusplus
| extern "C"
| #endif
| /* We use char because int might match the return type of a gcc2
|    builtin and then its argument prototype would still apply.  */
| char dcgettext ();
| int
| main ()
| {
| dcgettext ();
|   ;
|   return 0;
| }
configure:3697: result: no
configure:3703: checking for getnodebyname in -ldnet_stub
configure:3733: gcc -o conftest -g -O2   conftest.c -ldnet_stub   >&5
/usr/bin/ld: cannot find -ldnet_stub
collect2: ld returned 1 exit status
configure:3739: $? = 1
configure: failed program was:
| /* confdefs.h.  */
| 
| #define PACKAGE_NAME ""
| #define PACKAGE_TARNAME ""
| #define PACKAGE_VERSION ""
| #define PACKAGE_STRING ""
| #define PACKAGE_BUGREPORT ""
| #define _GNU_SOURCE 1
| #ifdef __cplusplus
| extern "C" void exit (int) throw ();
| #endif
| #define STDC_HEADERS 1
| #define HAVE_SYS_TYPES_H 1
| #define HAVE_SYS_STAT_H 1
| #define HAVE_STDLIB_H 1
| #define HAVE_STRING_H 1
| #define HAVE_MEMORY_H 1
| #define HAVE_STRINGS_H 1
| #define HAVE_INTTYPES_H 1
| #define HAVE_STDINT_H 1
| #define HAVE_UNISTD_H 1
| #define HAVE_STRING_H 1
| /* end confdefs.h.  */
| 
| /* Override any gcc2 internal prototype to avoid an error.  */
| #ifdef __cplusplus
| extern "C"
| #endif
| /* We use char because int might match the return type of a gcc2
|    builtin and then its argument prototype would still apply.  */
| char getnodebyname ();
| int
| main ()
| {
| getnodebyname ();
|   ;
|   return 0;
| }
configure:3764: result: no
configure:3810: checking that g++ can handle -O2
configure:3836: gcc -c -g -O2  conftest.c >&5
conftest.c: In function 'main':
conftest.c:30:3: error: 'error' undeclared (first use in this function)
conftest.c:30:3: note: each undeclared identifier is reported only once for each function it appears in
conftest.c:34:3: error: expected ';' before 'int'
configure:3842: $? = 1
configure: failed program was:
| /* confdefs.h.  */
| 
| #define PACKAGE_NAME ""
| #define PACKAGE_TARNAME ""
| #define PACKAGE_VERSION ""
| #define PACKAGE_STRING ""
| #define PACKAGE_BUGREPORT ""
| #define _GNU_SOURCE 1
| #ifdef __cplusplus
| extern "C" void exit (int) throw ();
| #endif
| #define STDC_HEADERS 1
| #define HAVE_SYS_TYPES_H 1
| #define HAVE_SYS_STAT_H 1
| #define HAVE_STDLIB_H 1
| #define HAVE_STRING_H 1
| #define HAVE_MEMORY_H 1
| #define HAVE_STRINGS_H 1
| #define HAVE_INTTYPES_H 1
| #define HAVE_STDINT_H 1
| #define HAVE_UNISTD_H 1
| #define HAVE_STRING_H 1
| /* end confdefs.h.  */
| 
| int
| main ()
| {
| #if __GNUC__ < 2  || __GNUC_MINOR__ < 8
| 		/* gcc */
| 		error
| 		#endif
| 		#if __GNUC_MINOR__ < 92
| 		/* egcs */
| 		int error;
| 		#endif
| 
|   ;
|   return 0;
| }
configure:3864: result: no
configure:3982: checking if C++ libraries work without any namespace
configure:4003: g++ -c -g -O2  conftest.cc >&5
conftest.cc: In function 'int main()':
conftest.cc:29:1: error: 'cout' was not declared in this scope
conftest.cc:29:1: note: suggested alternative:
/usr/include/c++/4.6/iostream:62:18: note:   'std::cout'
configure:4009: $? = 1
configure: failed program was:
| /* confdefs.h.  */
| 
| #define PACKAGE_NAME ""
| #define PACKAGE_TARNAME ""
| #define PACKAGE_VERSION ""
| #define PACKAGE_STRING ""
| #define PACKAGE_BUGREPORT ""
| #define _GNU_SOURCE 1
| #ifdef __cplusplus
| extern "C" void exit (int) throw ();
| #endif
| #define STDC_HEADERS 1
| #define HAVE_SYS_TYPES_H 1
| #define HAVE_SYS_STAT_H 1
| #define HAVE_STDLIB_H 1
| #define HAVE_STRING_H 1
| #define HAVE_MEMORY_H 1
| #define HAVE_STRINGS_H 1
| #define HAVE_INTTYPES_H 1
| #define HAVE_STDINT_H 1
| #define HAVE_UNISTD_H 1
| #define HAVE_STRING_H 1
| /* end confdefs.h.  */
| #include <iostream>
| 
| int
| main ()
| {
| cout.fail();
| 
|   ;
|   return 0;
| }
configure:4031: result: no
configure:4039: checking if C++ libraries work with namespace std
configure:4060: g++ -c -g -O2  conftest.cc >&5
configure:4066: $? = 0
configure:4069: test -z 			 || test ! -s conftest.err
configure:4072: $? = 0
configure:4075: test -s conftest.o
configure:4078: $? = 0
configure:4080: result: yes
configure:4097: checking if STL works without any namespace
configure:4117: g++ -c -g -O2  conftest.cc >&5
conftest.cc: In function 'int main()':
conftest.cc:29:1: error: 'list' was not declared in this scope
conftest.cc:29:1: note: suggested alternative:
/usr/include/c++/4.6/bits/stl_list.h:429:11: note:   'std::list'
conftest.cc:29:6: error: expected primary-expression before 'int'
conftest.cc:29:6: error: expected ';' before 'int'
configure:4123: $? = 1
configure: failed program was:
| /* confdefs.h.  */
| 
| #define PACKAGE_NAME ""
| #define PACKAGE_TARNAME ""
| #define PACKAGE_VERSION ""
| #define PACKAGE_STRING ""
| #define PACKAGE_BUGREPORT ""
| #define _GNU_SOURCE 1
| #ifdef __cplusplus
| extern "C" void exit (int) throw ();
| #endif
| #define STDC_HEADERS 1
| #define HAVE_SYS_TYPES_H 1
| #define HAVE_SYS_STAT_H 1
| #define HAVE_STDLIB_H 1
| #define HAVE_STRING_H 1
| #define HAVE_MEMORY_H 1
| #define HAVE_STRINGS_H 1
| #define HAVE_INTTYPES_H 1
| #define HAVE_STDINT_H 1
| #define HAVE_UNISTD_H 1
| #define HAVE_STRING_H 1
| /* end confdefs.h.  */
| #include <list>
| 
| int
| main ()
| {
| list<int> test;
| 
|   ;
|   return 0;
| }
configure:4145: result: no
configure:4153: checking if STL works with namespace std
configure:4174: g++ -c -g -O2  conftest.cc >&5
configure:4180: $? = 0
configure:4183: test -z 			 || test ! -s conftest.err
configure:4186: $? = 0
configure:4189: test -s conftest.o
configure:4192: $? = 0
configure:4194: result: yes
configure:4274: checking should use STL
configure:4299: result: yes
configure:4522: checking for tcl.h
configure:4575: result: -I../include
configure:4581: checking for libtcl8.4
configure:4645: result: -L../lib -ltcl8.4
configure:4651: checking for init.tcl
configure:4690: result: ../lib/tcl8.4
configure:4707: checking for tclsh8.4.11
configure:4740: result: no
configure:4707: checking for tclsh8.4
configure:4725: found ../bin/tclsh8.4
configure:4737: result: ../bin/tclsh8.4
configure:4968: checking for tk.h
configure:5021: result: -I../include
configure:5027: checking for libtk8.4
configure:5091: result: -L../lib -ltk8.4
configure:5097: checking for tk.tcl
configure:5136: result: ../lib/tk8.4
configure:5235: checking for otcl.h
configure:5288: result: -I../otcl-1.12
configure:5294: checking for libotcl1.12
configure:5358: result: -L../otcl-1.12 -lotcl
configure:5485: checking for tclcl.h
configure:5538: result: -I../tclcl-1.18
configure:5544: checking for libtclcl
configure:5608: result: -L../tclcl-1.18 -ltclcl
configure:5614: checking for tcl2c++
configure:5653: result: ../tclcl-1.18
configure:5853: checking for libtcldbg
configure:5898: result: no
configure:6008: checking dmalloc
configure:6010: result: not requested with --with-dmalloc
configure:6291: checking for perl
configure:6330: result: /usr/bin
/usr/bin/perl -e require 5.002
configure:6439: checking for ANSI C header files
configure:6594: result: yes
configure:6626: checking arpa/inet.h usability
configure:6638: gcc -c -g -O2  conftest.c >&5
configure:6644: $? = 0
configure:6647: test -z 			 || test ! -s conftest.err
configure:6650: $? = 0
configure:6653: test -s conftest.o
configure:6656: $? = 0
configure:6666: result: yes
configure:6670: checking arpa/inet.h presence
configure:6680: gcc -E  conftest.c
configure:6686: $? = 0
configure:6706: result: yes
configure:6741: checking for arpa/inet.h
configure:6748: result: yes
configure:6626: checking fenv.h usability
configure:6638: gcc -c -g -O2  conftest.c >&5
configure:6644: $? = 0
configure:6647: test -z 			 || test ! -s conftest.err
configure:6650: $? = 0
configure:6653: test -s conftest.o
configure:6656: $? = 0
configure:6666: result: yes
configure:6670: checking fenv.h presence
configure:6680: gcc -E  conftest.c
configure:6686: $? = 0
configure:6706: result: yes
configure:6741: checking for fenv.h
configure:6748: result: yes
configure:6626: checking netinet/in.h usability
configure:6638: gcc -c -g -O2  conftest.c >&5
configure:6644: $? = 0
configure:6647: test -z 			 || test ! -s conftest.err
configure:6650: $? = 0
configure:6653: test -s conftest.o
configure:6656: $? = 0
configure:6666: result: yes
configure:6670: checking netinet/in.h presence
configure:6680: gcc -E  conftest.c
configure:6686: $? = 0
configure:6706: result: yes
configure:6741: checking for netinet/in.h
configure:6748: result: yes
configure:6617: checking for string.h
configure:6622: result: yes
configure:6617: checking for strings.h
configure:6622: result: yes
configure:6626: checking time.h usability
configure:6638: gcc -c -g -O2  conftest.c >&5
configure:6644: $? = 0
configure:6647: test -z 			 || test ! -s conftest.err
configure:6650: $? = 0
configure:6653: test -s conftest.o
configure:6656: $? = 0
configure:6666: result: yes
configure:6670: checking time.h presence
configure:6680: gcc -E  conftest.c
configure:6686: $? = 0
configure:6706: result: yes
configure:6741: checking for time.h
configure:6748: result: yes
configure:6617: checking for unistd.h
configure:6622: result: yes
configure:6626: checking net/ethernet.h usability
configure:6638: gcc -c -g -O2  conftest.c >&5
configure:6644: $? = 0
configure:6647: test -z 			 || test ! -s conftest.err
configure:6650: $? = 0
configure:6653: test -s conftest.o
configure:6656: $? = 0
configure:6666: result: yes
configure:6670: checking net/ethernet.h presence
configure:6680: gcc -E  conftest.c
configure:6686: $? = 0
configure:6706: result: yes
configure:6741: checking for net/ethernet.h
configure:6748: result: yes
configure:6762: checking for main in -lm
configure:6786: gcc -o conftest -g -O2   conftest.c -lm   >&5
configure:6792: $? = 0
configure:6795: test -z 			 || test ! -s conftest.err
configure:6798: $? = 0
configure:6801: test -s conftest
configure:6804: $? = 0
configure:6817: result: yes
configure:6842: checking for bcopy
configure:6899: gcc -o conftest -g -O2   conftest.c -lm  >&5
conftest.c:68:6: warning: conflicting types for built-in function 'bcopy' [enabled by default]
configure:6905: $? = 0
configure:6908: test -z 			 || test ! -s conftest.err
configure:6911: $? = 0
configure:6914: test -s conftest
configure:6917: $? = 0
configure:6929: result: yes
configure:6842: checking for bzero
configure:6899: gcc -o conftest -g -O2   conftest.c -lm  >&5
conftest.c:69:6: warning: conflicting types for built-in function 'bzero' [enabled by default]
configure:6905: $? = 0
configure:6908: test -z 			 || test ! -s conftest.err
configure:6911: $? = 0
configure:6914: test -s conftest
configure:6917: $? = 0
configure:6929: result: yes
configure:6842: checking for fesetprecision
configure:6899: gcc -o conftest -g -O2   conftest.c -lm  >&5
/tmp/ccWuiHz4.o:(.data+0x0): undefined reference to `fesetprecision'
/tmp/ccWuiHz4.o: In function `main':
/home/yongj/NS2/ns-2.30/conftest.c:86: undefined reference to `fesetprecision'
collect2: ld returned 1 exit status
configure:6905: $? = 1
configure: failed program was:
| /* confdefs.h.  */
| 
| #define PACKAGE_NAME ""
| #define PACKAGE_TARNAME ""
| #define PACKAGE_VERSION ""
| #define PACKAGE_STRING ""
| #define PACKAGE_BUGREPORT ""
| #define _GNU_SOURCE 1
| #ifdef __cplusplus
| extern "C" void exit (int) throw ();
| #endif
| #define STDC_HEADERS 1
| #define HAVE_SYS_TYPES_H 1
| #define HAVE_SYS_STAT_H 1
| #define HAVE_STDLIB_H 1
| #define HAVE_STRING_H 1
| #define HAVE_MEMORY_H 1
| #define HAVE_STRINGS_H 1
| #define HAVE_INTTYPES_H 1
| #define HAVE_STDINT_H 1
| #define HAVE_UNISTD_H 1
| #define HAVE_STRING_H 1
| #define HAVE_STL 1
| #define CPP_REQUIRES_NAMESPACE 1
| #define HAVE_TCL_H 1
| #define HAVE_LIBTCL8_4 1
| #define HAVE_TK_H 1
| #define HAVE_LIBTK8_4 1
| #define HAVE_OTCL_H 1
| #define HAVE_LIBOTCL1_12 1
| #define HAVE_TCLCL_H 1
| #define HAVE_LIBTCLCL 1
| #define STDC_HEADERS 1
| #define HAVE_ARPA_INET_H 1
| #define HAVE_FENV_H 1
| #define HAVE_NETINET_IN_H 1
| #define HAVE_STRING_H 1
| #define HAVE_STRINGS_H 1
| #define HAVE_TIME_H 1
| #define HAVE_UNISTD_H 1
| #define HAVE_NET_ETHERNET_H 1
| #define HAVE_LIBM 1
| #define HAVE_BCOPY 1
| #define HAVE_BZERO 1
| /* end confdefs.h.  */
| /* Define fesetprecision to an innocuous variant, in case <limits.h> declares fesetprecision.
|    For example, HP-UX 11i <limits.h> declares gettimeofday.  */
| #define fesetprecision innocuous_fesetprecision
| 
| /* System header to define __stub macros and hopefully few prototypes,
|     which can conflict with char fesetprecision (); below.
|     Prefer <limits.h> to <assert.h> if __STDC__ is defined, since
|     <limits.h> exists even on freestanding compilers.  */
| 
| #ifdef __STDC__
| # include <limits.h>
| #else
| # include <assert.h>
| #endif
| 
| #undef fesetprecision
| 
| /* Override any gcc2 internal prototype to avoid an error.  */
| #ifdef __cplusplus
| extern "C"
| {
| #endif
| /* We use char because int might match the return type of a gcc2
|    builtin and then its argument prototype would still apply.  */
| char fesetprecision ();
| /* The GNU C library defines this for functions which it implements
|     to always fail with ENOSYS.  Some functions are actually named
|     something starting with __ and the normal name is an alias.  */
| #if defined (__stub_fesetprecision) || defined (__stub___fesetprecision)
| choke me
| #else
| char (*f) () = fesetprecision;
| #endif
| #ifdef __cplusplus
| }
| #endif
| 
| int
| main ()
| {
| return f != fesetprecision;
|   ;
|   return 0;
| }
configure:6929: result: no
configure:6842: checking for feenableexcept
configure:6899: gcc -o conftest -g -O2   conftest.c -lm  >&5
configure:6905: $? = 0
configure:6908: test -z 			 || test ! -s conftest.err
configure:6911: $? = 0
configure:6914: test -s conftest
configure:6917: $? = 0
configure:6929: result: yes
configure:6842: checking for getrusage
configure:6899: gcc -o conftest -g -O2   conftest.c -lm  >&5
configure:6905: $? = 0
configure:6908: test -z 			 || test ! -s conftest.err
configure:6911: $? = 0
configure:6914: test -s conftest
configure:6917: $? = 0
configure:6929: result: yes
configure:6842: checking for sbrk
configure:6899: gcc -o conftest -g -O2   conftest.c -lm  >&5
configure:6905: $? = 0
configure:6908: test -z 			 || test ! -s conftest.err
configure:6911: $? = 0
configure:6914: test -s conftest
configure:6917: $? = 0
configure:6929: result: yes
configure:6842: checking for snprintf
configure:6899: gcc -o conftest -g -O2   conftest.c -lm  >&5
conftest.c:73:6: warning: conflicting types for built-in function 'snprintf' [enabled by default]
configure:6905: $? = 0
configure:6908: test -z 			 || test ! -s conftest.err
configure:6911: $? = 0
configure:6914: test -s conftest
configure:6917: $? = 0
configure:6929: result: yes
configure:6940: checking return type of random
configure:6965: gcc -o conftest -g -O2   conftest.c -lm  >&5
configure:6968: $? = 0
configure:6970: ./conftest
configure:6973: $? = 0
configure:6975: result: long
configure:6999: checking for int8_t
configure:7023: gcc -c -g -O2  conftest.c >&5
configure:7029: $? = 0
configure:7032: test -z 			 || test ! -s conftest.err
configure:7035: $? = 0
configure:7038: test -s conftest.o
configure:7041: $? = 0
configure:7052: result: yes
configure:7064: checking for int16_t
configure:7088: gcc -c -g -O2  conftest.c >&5
configure:7094: $? = 0
configure:7097: test -z 			 || test ! -s conftest.err
configure:7100: $? = 0
configure:7103: test -s conftest.o
configure:7106: $? = 0
configure:7117: result: yes
configure:7129: checking for int32_t
configure:7153: gcc -c -g -O2  conftest.c >&5
configure:7159: $? = 0
configure:7162: test -z 			 || test ! -s conftest.err
configure:7165: $? = 0
configure:7168: test -s conftest.o
configure:7171: $? = 0
configure:7182: result: yes
configure:7194: checking for u_int8_t
configure:7218: gcc -c -g -O2  conftest.c >&5
configure:7224: $? = 0
configure:7227: test -z 			 || test ! -s conftest.err
configure:7230: $? = 0
configure:7233: test -s conftest.o
configure:7236: $? = 0
configure:7247: result: yes
configure:7259: checking for u_int16_t
configure:7283: gcc -c -g -O2  conftest.c >&5
configure:7289: $? = 0
configure:7292: test -z 			 || test ! -s conftest.err
configure:7295: $? = 0
configure:7298: test -s conftest.o
configure:7301: $? = 0
configure:7312: result: yes
configure:7324: checking for u_int32_t
configure:7348: gcc -c -g -O2  conftest.c >&5
configure:7354: $? = 0
configure:7357: test -z 			 || test ! -s conftest.err
configure:7360: $? = 0
configure:7363: test -s conftest.o
configure:7366: $? = 0
configure:7377: result: yes
configure:7389: checking for u_char
configure:7413: gcc -c -g -O2  conftest.c >&5
configure:7419: $? = 0
configure:7422: test -z 			 || test ! -s conftest.err
configure:7425: $? = 0
configure:7428: test -s conftest.o
configure:7431: $? = 0
configure:7442: result: yes
configure:7454: checking for u_int
configure:7478: gcc -c -g -O2  conftest.c >&5
configure:7484: $? = 0
configure:7487: test -z 			 || test ! -s conftest.err
configure:7490: $? = 0
configure:7493: test -s conftest.o
configure:7496: $? = 0
configure:7507: result: yes
configure:7526: checking for strtoq
configure:7583: gcc -o conftest -g -O2   conftest.c -lm  >&5
configure:7589: $? = 0
configure:7592: test -z 			 || test ! -s conftest.err
configure:7595: $? = 0
configure:7598: test -s conftest
configure:7601: $? = 0
configure:7613: result: yes
configure:7526: checking for strtoll
configure:7583: gcc -o conftest -g -O2   conftest.c -lm  >&5
configure:7589: $? = 0
configure:7592: test -z 			 || test ! -s conftest.err
configure:7595: $? = 0
configure:7598: test -s conftest
configure:7601: $? = 0
configure:7613: result: yes
configure:7628: checking for long
configure:7652: gcc -c -g -O2  conftest.c >&5
configure:7658: $? = 0
configure:7661: test -z 			 || test ! -s conftest.err
configure:7664: $? = 0
configure:7667: test -s conftest.o
configure:7670: $? = 0
configure:7681: result: yes
configure:7684: checking size of long
configure:7996: gcc -o conftest -g -O2   conftest.c -lm  >&5
configure:7999: $? = 0
configure:8001: ./conftest
configure:8004: $? = 0
configure:8027: result: 4
configure:8129: checking for __int64_t
configure:8149: gcc -o conftest -g -O2   conftest.c -lm  >&5
conftest.c: In function 'main':
conftest.c:55:10: error: unknown type name '__int64_t'
conftest.c:55:23: warning: incompatible implicit declaration of built-in function 'exit' [enabled by default]
configure:8152: $? = 1
configure: program exited with status 1
configure: failed program was:
| /* confdefs.h.  */
| 
| #define PACKAGE_NAME ""
| #define PACKAGE_TARNAME ""
| #define PACKAGE_VERSION ""
| #define PACKAGE_STRING ""
| #define PACKAGE_BUGREPORT ""
| #define _GNU_SOURCE 1
| #ifdef __cplusplus
| extern "C" void exit (int) throw ();
| #endif
| #define STDC_HEADERS 1
| #define HAVE_SYS_TYPES_H 1
| #define HAVE_SYS_STAT_H 1
| #define HAVE_STDLIB_H 1
| #define HAVE_STRING_H 1
| #define HAVE_MEMORY_H 1
| #define HAVE_STRINGS_H 1
| #define HAVE_INTTYPES_H 1
| #define HAVE_STDINT_H 1
| #define HAVE_UNISTD_H 1
| #define HAVE_STRING_H 1
| #define HAVE_STL 1
| #define CPP_REQUIRES_NAMESPACE 1
| #define HAVE_TCL_H 1
| #define HAVE_LIBTCL8_4 1
| #define HAVE_TK_H 1
| #define HAVE_LIBTK8_4 1
| #define HAVE_OTCL_H 1
| #define HAVE_LIBOTCL1_12 1
| #define HAVE_TCLCL_H 1
| #define HAVE_LIBTCLCL 1
| #define STDC_HEADERS 1
| #define HAVE_ARPA_INET_H 1
| #define HAVE_FENV_H 1
| #define HAVE_NETINET_IN_H 1
| #define HAVE_STRING_H 1
| #define HAVE_STRINGS_H 1
| #define HAVE_TIME_H 1
| #define HAVE_UNISTD_H 1
| #define HAVE_NET_ETHERNET_H 1
| #define HAVE_LIBM 1
| #define HAVE_BCOPY 1
| #define HAVE_BZERO 1
| #define HAVE_FEENABLEEXCEPT 1
| #define HAVE_GETRUSAGE 1
| #define HAVE_SBRK 1
| #define HAVE_SNPRINTF 1
| #define RANDOM_RETURN_TYPE long
| #define HAVE_STRTOQ 1
| #define HAVE_STRTOLL 1
| #define SIZEOF_LONG 4
| /* end confdefs.h.  */
| 
| main() { __int64_t x; exit (sizeof(x) >= 8 ? 0 : 1); }
| 
configure:8171: result: no
configure:8177: checking for long long
configure:8197: gcc -o conftest -g -O2   conftest.c -lm  >&5
conftest.c: In function 'main':
conftest.c:55:23: warning: incompatible implicit declaration of built-in function 'exit' [enabled by default]
configure:8200: $? = 0
configure:8202: ./conftest
configure:8205: $? = 0
configure:8219: result: yes
configure:8227: checking for int64_t
configure:8253: result: yes
configure:8263: checking which kind of 64-bit int to use
configure:8275: result: int64_t
configure:8296: checking for struct ether_header
configure:8324: gcc -c -g -O2  conftest.c >&5
configure:8330: $? = 0
configure:8333: test -z 			 || test ! -s conftest.err
configure:8336: $? = 0
configure:8339: test -s conftest.o
configure:8342: $? = 0
configure:8349: result: found
configure:8364: checking for struct ether_addr
configure:8392: gcc -c -g -O2  conftest.c >&5
configure:8398: $? = 0
configure:8401: test -z 			 || test ! -s conftest.err
configure:8404: $? = 0
configure:8407: test -s conftest.o
configure:8410: $? = 0
configure:8417: result: found
configure:8436: checking for addr2ascii
configure:8493: gcc -o conftest -g -O2   conftest.c -lm  >&5
/tmp/ccPS39GL.o:(.data+0x0): undefined reference to `addr2ascii'
/tmp/ccPS39GL.o: In function `main':
/home/yongj/NS2/ns-2.30/conftest.c:97: undefined reference to `addr2ascii'
collect2: ld returned 1 exit status
configure:8499: $? = 1
configure: failed program was:
| /* confdefs.h.  */
| 
| #define PACKAGE_NAME ""
| #define PACKAGE_TARNAME ""
| #define PACKAGE_VERSION ""
| #define PACKAGE_STRING ""
| #define PACKAGE_BUGREPORT ""
| #define _GNU_SOURCE 1
| #ifdef __cplusplus
| extern "C" void exit (int) throw ();
| #endif
| #define STDC_HEADERS 1
| #define HAVE_SYS_TYPES_H 1
| #define HAVE_SYS_STAT_H 1
| #define HAVE_STDLIB_H 1
| #define HAVE_STRING_H 1
| #define HAVE_MEMORY_H 1
| #define HAVE_STRINGS_H 1
| #define HAVE_INTTYPES_H 1
| #define HAVE_STDINT_H 1
| #define HAVE_UNISTD_H 1
| #define HAVE_STRING_H 1
| #define HAVE_STL 1
| #define CPP_REQUIRES_NAMESPACE 1
| #define HAVE_TCL_H 1
| #define HAVE_LIBTCL8_4 1
| #define HAVE_TK_H 1
| #define HAVE_LIBTK8_4 1
| #define HAVE_OTCL_H 1
| #define HAVE_LIBOTCL1_12 1
| #define HAVE_TCLCL_H 1
| #define HAVE_LIBTCLCL 1
| #define STDC_HEADERS 1
| #define HAVE_ARPA_INET_H 1
| #define HAVE_FENV_H 1
| #define HAVE_NETINET_IN_H 1
| #define HAVE_STRING_H 1
| #define HAVE_STRINGS_H 1
| #define HAVE_TIME_H 1
| #define HAVE_UNISTD_H 1
| #define HAVE_NET_ETHERNET_H 1
| #define HAVE_LIBM 1
| #define HAVE_BCOPY 1
| #define HAVE_BZERO 1
| #define HAVE_FEENABLEEXCEPT 1
| #define HAVE_GETRUSAGE 1
| #define HAVE_SBRK 1
| #define HAVE_SNPRINTF 1
| #define RANDOM_RETURN_TYPE long
| #define HAVE_STRTOQ 1
| #define HAVE_STRTOLL 1
| #define SIZEOF_LONG 4
| #define HAVE_INT64 1
| #define HAVE_ETHER_HEADER_STRUCT 1
| #define HAVE_ETHER_ADDRESS_STRUCT 1
| /* end confdefs.h.  */
| /* Define addr2ascii to an innocuous variant, in case <limits.h> declares addr2ascii.
|    For example, HP-UX 11i <limits.h> declares gettimeofday.  */
| #define addr2ascii innocuous_addr2ascii
| 
| /* System header to define __stub macros and hopefully few prototypes,
|     which can conflict with char addr2ascii (); below.
|     Prefer <limits.h> to <assert.h> if __STDC__ is defined, since
|     <limits.h> exists even on freestanding compilers.  */
| 
| #ifdef __STDC__
| # include <limits.h>
| #else
| # include <assert.h>
| #endif
| 
| #undef addr2ascii
| 
| /* Override any gcc2 internal prototype to avoid an error.  */
| #ifdef __cplusplus
| extern "C"
| {
| #endif
| /* We use char because int might match the return type of a gcc2
|    builtin and then its argument prototype would still apply.  */
| char addr2ascii ();
| /* The GNU C library defines this for functions which it implements
|     to always fail with ENOSYS.  Some functions are actually named
|     something starting with __ and the normal name is an alias.  */
| #if defined (__stub_addr2ascii) || defined (__stub___addr2ascii)
| choke me
| #else
| char (*f) () = addr2ascii;
| #endif
| #ifdef __cplusplus
| }
| #endif
| 
| int
| main ()
| {
| return f != addr2ascii;
|   ;
|   return 0;
| }
configure:8523: result: no
configure:8554: gcc -o conftest -g -O2   conftest.c -lm  >&5
configure:8557: $? = 0
configure:8559: ./conftest
configure:8562: $? = 0
configure:8580: checking for Linux compliant tcphdr
configure:8609: gcc -c -g -O2  conftest.c >&5
configure:8615: $? = 0
configure:8618: test -z 			 || test ! -s conftest.err
configure:8621: $? = 0
configure:8624: test -s conftest.o
configure:8627: $? = 0
configure:8631: result: found
configure:8646: checking for BSD compliant tcphdr
configure:8675: gcc -c -g -O2  conftest.c >&5
conftest.c: In function 'main':
conftest.c:69:5: error: 'struct tcphdr' has no member named 'th_sport'
configure:8681: $? = 1
configure: failed program was:
| /* confdefs.h.  */
| 
| #define PACKAGE_NAME ""
| #define PACKAGE_TARNAME ""
| #define PACKAGE_VERSION ""
| #define PACKAGE_STRING ""
| #define PACKAGE_BUGREPORT ""
| #define _GNU_SOURCE 1
| #ifdef __cplusplus
| extern "C" void exit (int) throw ();
| #endif
| #define STDC_HEADERS 1
| #define HAVE_SYS_TYPES_H 1
| #define HAVE_SYS_STAT_H 1
| #define HAVE_STDLIB_H 1
| #define HAVE_STRING_H 1
| #define HAVE_MEMORY_H 1
| #define HAVE_STRINGS_H 1
| #define HAVE_INTTYPES_H 1
| #define HAVE_STDINT_H 1
| #define HAVE_UNISTD_H 1
| #define HAVE_STRING_H 1
| #define HAVE_STL 1
| #define CPP_REQUIRES_NAMESPACE 1
| #define HAVE_TCL_H 1
| #define HAVE_LIBTCL8_4 1
| #define HAVE_TK_H 1
| #define HAVE_LIBTK8_4 1
| #define HAVE_OTCL_H 1
| #define HAVE_LIBOTCL1_12 1
| #define HAVE_TCLCL_H 1
| #define HAVE_LIBTCLCL 1
| #define STDC_HEADERS 1
| #define HAVE_ARPA_INET_H 1
| #define HAVE_FENV_H 1
| #define HAVE_NETINET_IN_H 1
| #define HAVE_STRING_H 1
| #define HAVE_STRINGS_H 1
| #define HAVE_TIME_H 1
| #define HAVE_UNISTD_H 1
| #define HAVE_NET_ETHERNET_H 1
| #define HAVE_LIBM 1
| #define HAVE_BCOPY 1
| #define HAVE_BZERO 1
| #define HAVE_FEENABLEEXCEPT 1
| #define HAVE_GETRUSAGE 1
| #define HAVE_SBRK 1
| #define HAVE_SNPRINTF 1
| #define RANDOM_RETURN_TYPE long
| #define HAVE_STRTOQ 1
| #define HAVE_STRTOLL 1
| #define SIZEOF_LONG 4
| #define HAVE_INT64 1
| #define HAVE_ETHER_HEADER_STRUCT 1
| #define HAVE_ETHER_ADDRESS_STRUCT 1
| #define HAVE_SIOCGIFHWADDR 1
| /* end confdefs.h.  */
| 
| #include <stdio.h>
| #include <netinet/tcp.h>
| 
| int
| main ()
| {
| 
| int main()
| {
| 	struct tcphdr *tcp;
| 	tcp->th_sport= 1;
| 
| 	return 0;
| }
| 
|   ;
|   return 0;
| }
configure:8705: result: not found
configure:8711: checking for socklen_t
configure:8734: gcc -c -g -O2  conftest.c >&5
configure:8740: $? = 0
configure:8743: test -z 			 || test ! -s conftest.err
configure:8746: $? = 0
configure:8749: test -s conftest.o
configure:8752: $? = 0
configure:8764: result: yes
configure:8777: checking for main in -lpcap
configure:8801: gcc -o conftest -g -O2   conftest.c -lpcap  -lm  >&5
/usr/bin/ld: cannot find -lpcap
collect2: ld returned 1 exit status
configure:8807: $? = 1
configure: failed program was:
| /* confdefs.h.  */
| 
| #define PACKAGE_NAME ""
| #define PACKAGE_TARNAME ""
| #define PACKAGE_VERSION ""
| #define PACKAGE_STRING ""
| #define PACKAGE_BUGREPORT ""
| #define _GNU_SOURCE 1
| #ifdef __cplusplus
| extern "C" void exit (int) throw ();
| #endif
| #define STDC_HEADERS 1
| #define HAVE_SYS_TYPES_H 1
| #define HAVE_SYS_STAT_H 1
| #define HAVE_STDLIB_H 1
| #define HAVE_STRING_H 1
| #define HAVE_MEMORY_H 1
| #define HAVE_STRINGS_H 1
| #define HAVE_INTTYPES_H 1
| #define HAVE_STDINT_H 1
| #define HAVE_UNISTD_H 1
| #define HAVE_STRING_H 1
| #define HAVE_STL 1
| #define CPP_REQUIRES_NAMESPACE 1
| #define HAVE_TCL_H 1
| #define HAVE_LIBTCL8_4 1
| #define HAVE_TK_H 1
| #define HAVE_LIBTK8_4 1
| #define HAVE_OTCL_H 1
| #define HAVE_LIBOTCL1_12 1
| #define HAVE_TCLCL_H 1
| #define HAVE_LIBTCLCL 1
| #define STDC_HEADERS 1
| #define HAVE_ARPA_INET_H 1
| #define HAVE_FENV_H 1
| #define HAVE_NETINET_IN_H 1
| #define HAVE_STRING_H 1
| #define HAVE_STRINGS_H 1
| #define HAVE_TIME_H 1
| #define HAVE_UNISTD_H 1
| #define HAVE_NET_ETHERNET_H 1
| #define HAVE_LIBM 1
| #define HAVE_BCOPY 1
| #define HAVE_BZERO 1
| #define HAVE_FEENABLEEXCEPT 1
| #define HAVE_GETRUSAGE 1
| #define HAVE_SBRK 1
| #define HAVE_SNPRINTF 1
| #define RANDOM_RETURN_TYPE long
| #define HAVE_STRTOQ 1
| #define HAVE_STRTOLL 1
| #define SIZEOF_LONG 4
| #define HAVE_INT64 1
| #define HAVE_ETHER_HEADER_STRUCT 1
| #define HAVE_ETHER_ADDRESS_STRUCT 1
| #define HAVE_SIOCGIFHWADDR 1
| #define HAVE_SOCKLEN_T 1
| /* end confdefs.h.  */
| 
| 
| int
| main ()
| {
| main ();
|   ;
|   return 0;
| }
configure:8832: result: no
configure:8841: checking to make nse
configure:8849: result: no
configure:8897: checking for dlopen in -ldl
configure:8927: gcc -o conftest -g -O2   conftest.c -ldl  -lm  >&5
configure:8933: $? = 0
configure:8936: test -z 			 || test ! -s conftest.err
configure:8939: $? = 0
configure:8942: test -s conftest
configure:8945: $? = 0
configure:8958: result: yes
configure:9149: checking for a BSD-compatible install
configure:9204: result: /usr/bin/install -c
configure:9313: creating ./config.status

## ---------------------- ##
## Running config.status. ##
## ---------------------- ##

This file was extended by config.status, which was
generated by GNU Autoconf 2.59.  Invocation command line was

  CONFIG_FILES    = 
  CONFIG_HEADERS  = 
  CONFIG_LINKS    = 
  CONFIG_COMMANDS = 
  $ ./config.status 

on yongj-VirtualBox

config.status:744: creating Makefile
config.status:744: creating tcl/lib/ns-autoconf.tcl
config.status:744: creating indep-utils/webtrace-conv/ucb/Makefile
config.status:744: creating indep-utils/webtrace-conv/dec/Makefile
config.status:744: creating indep-utils/webtrace-conv/nlanr/Makefile
config.status:744: creating indep-utils/webtrace-conv/epa/Makefile
config.status:744: creating indep-utils/cmu-scen-gen/setdest/Makefile
config.status:810: creating autoconf.h

## ---------------- ##
## Cache variables. ##
## ---------------- ##

ac_cv_build=i686-pc-linux-gnu
ac_cv_build_alias=i686-pc-linux-gnu
ac_cv_c_compiler_gnu=yes
ac_cv_cxx_compiler_gnu=yes
ac_cv_env_CC_set=
ac_cv_env_CC_value=
ac_cv_env_CFLAGS_set=
ac_cv_env_CFLAGS_value=
ac_cv_env_CPPFLAGS_set=
ac_cv_env_CPPFLAGS_value=
ac_cv_env_CPP_set=
ac_cv_env_CPP_value=
ac_cv_env_CXXFLAGS_set=
ac_cv_env_CXXFLAGS_value=
ac_cv_env_CXX_set=
ac_cv_env_CXX_value=
ac_cv_env_LDFLAGS_set=
ac_cv_env_LDFLAGS_value=
ac_cv_env_build_alias_set=
ac_cv_env_build_alias_value=
ac_cv_env_host_alias_set=
ac_cv_env_host_alias_value=
ac_cv_env_target_alias_set=
ac_cv_env_target_alias_value=
ac_cv_exeext=
ac_cv_func_addr2ascii=no
ac_cv_func_bcopy=yes
ac_cv_func_bzero=yes
ac_cv_func_feenableexcept=yes
ac_cv_func_fesetprecision=no
ac_cv_func_getrusage=yes
ac_cv_func_sbrk=yes
ac_cv_func_snprintf=yes
ac_cv_func_strtoll=yes
ac_cv_func_strtoq=yes
ac_cv_header_arpa_inet_h=yes
ac_cv_header_fenv_h=yes
ac_cv_header_inttypes_h=yes
ac_cv_header_memory_h=yes
ac_cv_header_net_ethernet_h=yes
ac_cv_header_netinet_in_h=yes
ac_cv_header_stdc=yes
ac_cv_header_stdint_h=yes
ac_cv_header_stdlib_h=yes
ac_cv_header_string_h=yes
ac_cv_header_strings_h=yes
ac_cv_header_sys_stat_h=yes
ac_cv_header_sys_types_h=yes
ac_cv_header_time_h=yes
ac_cv_header_unistd_h=yes
ac_cv_host=i686-pc-linux-gnu
ac_cv_host_alias=i686-pc-linux-gnu
ac_cv_lib_Xbsd_main=no
ac_cv_lib_dl_dlopen=yes
ac_cv_lib_dnet_stub_getnodebyname=no
ac_cv_lib_intl_dcgettext=no
ac_cv_lib_m_main=yes
ac_cv_lib_nsl_gethostbyname=yes
ac_cv_lib_pcap_main=no
ac_cv_lib_socket_socket=no
ac_cv_objext=o
ac_cv_path_V_TCLSH=../bin/tclsh8.4
ac_cv_path_install='/usr/bin/install -c'
ac_cv_prog_CPP='gcc -E'
ac_cv_prog_ac_ct_CC=gcc
ac_cv_prog_ac_ct_CXX=g++
ac_cv_prog_cc_g=yes
ac_cv_prog_cc_stdc=
ac_cv_prog_cxx_g=yes
ac_cv_prog_egrep='grep -E'
ac_cv_sizeof_long=4
ac_cv_target=i686-pc-linux-gnu
ac_cv_target_alias=i686-pc-linux-gnu
ac_cv_type_int16_t=yes
ac_cv_type_int32_t=yes
ac_cv_type_int64_t=yes
ac_cv_type_int8_t=yes
ac_cv_type_long=yes
ac_cv_type_socklen_t=yes
ac_cv_type_u_char=yes
ac_cv_type_u_int=yes
ac_cv_type_u_int16_t=yes
ac_cv_type_u_int32_t=yes
ac_cv_type_u_int8_t=yes

## ----------------- ##
## Output variables. ##
## ----------------- ##

CC='gcc'
CFLAGS='-g -O2'
CPP='gcc -E'
CPPFLAGS=''
CPP_NAMESPACE='std'
CXX='g++'
CXXFLAGS='-g -O2'
DEFS='-DHAVE_CONFIG_H'
ECHO_C=''
ECHO_N='-n'
ECHO_T=''
EGREP='grep -E'
EXEEXT=''
INSTALL_DATA='${INSTALL} -m 644'
INSTALL_PROGRAM='${INSTALL}'
INSTALL_SCRIPT='${INSTALL}'
LDFLAGS=''
LIBOBJS=''
LIBS='-lm '
LTLIBOBJS=''
OBJEXT='o'
PACKAGE_BUGREPORT=''
PACKAGE_NAME=''
PACKAGE_STRING=''
PACKAGE_TARNAME=''
PACKAGE_VERSION=''
PATH_SEPARATOR=':'
PERL='/usr/bin/perl'
SHELL='/bin/bash'
V_ALL=''
V_AR='ar cr'
V_BROKEN_OBJ=''
V_CCOPT=' -Wall'
V_DEFINE='-DTCLCL_CLASSINSTVAR  -DNDEBUG -DLINUX_TCP_HEADER -DUSE_SHM'
V_DEFINES='-DHAVE_LIBTCLCL -DHAVE_TCLCL_H -DHAVE_LIBOTCL1_12 -DHAVE_OTCL_H -DHAVE_LIBTK8_4 -DHAVE_TK_H -DHAVE_LIBTCL8_4 -DHAVE_TCL_H '
V_INCLUDE=''
V_INCLUDES='-I/home/yongj/NS2/tclcl-1.18 -I/home/yongj/NS2/otcl-1.12 -I/home/yongj/NS2/include -I/home/yongj/NS2/include -I/usr/include/pcap'
V_LIB=' -lnsl -ldl'
V_LIBRARY_TCL='../lib/tcl8.4'
V_LIBRARY_TK='../lib/tk8.4'
V_LIBS='-L/home/yongj/NS2/tclcl-1.18 -ltclcl -L/home/yongj/NS2/otcl-1.12 -lotcl -L/home/yongj/NS2/lib -ltk8.4 -L/home/yongj/NS2/lib -ltcl8.4'
V_LIB_OTCL='-L/home/yongj/NS2/otcl-1.12 -lotcl'
V_LIB_TCL='-L/home/yongj/NS2/lib -ltcl8.4'
V_LIB_TCLCL='-L/home/yongj/NS2/tclcl-1.18 -ltclcl'
V_LIB_TK='-L/home/yongj/NS2/lib -ltk8.4'
V_LSSCRIPT=''
V_NS_TCL_LIB_STL='$(NS_TCL_LIB_STL)'
V_OBJ=''
V_OBJ_CRYPT=''
V_RANLIB='ranlib'
V_SHELL=''
V_SIGRET='void'
V_STATIC=''
V_STLOBJ='$(OBJ_STL)'
V_TARCMD='tar cfh'
V_TAR_EXTRA=''
V_TAR_TARGET='linux-gnu'
V_TCL2CPP='../tclcl-1.18/tcl2c++'
V_TCLSH='/home/yongj/NS2/bin/tclsh8.4'
V_TCL_LIBRARY_FILES='$(TCL_84_LIBRARY_FILES)'
V_TKDOSNAMES='$(LIBRARY_TK)/optMenu.tcl $(LIBRARY_TK)/scrlbar.tcl'
ac_ct_CC='gcc'
ac_ct_CXX='g++'
bindir='${exec_prefix}/bin'
build='i686-pc-linux-gnu'
build_alias=''
build_cpu='i686'
build_nse=''
build_os='linux-gnu'
build_vendor='pc'
datadir='${prefix}/share'
exec_prefix='${prefix}'
host='i686-pc-linux-gnu'
host_alias=''
host_cpu='i686'
host_os='linux-gnu'
host_vendor='pc'
includedir='${prefix}/include'
infodir='${prefix}/info'
libdir='${exec_prefix}/lib'
libexecdir='${exec_prefix}/libexec'
localstatedir='${prefix}/var'
mandir='${prefix}/man'
oldincludedir='/usr/include'
prefix='/usr/local'
program_transform_name='s,x,x,'
sbindir='${exec_prefix}/sbin'
sharedstatedir='${prefix}/com'
sysconfdir='${prefix}/etc'
target='i686-pc-linux-gnu'
target_alias=''
target_cpu='i686'
target_os='linux-gnu'
target_vendor='pc'

## ----------- ##
## confdefs.h. ##
## ----------- ##

#define CPP_REQUIRES_NAMESPACE 1
#define HAVE_ARPA_INET_H 1
#define HAVE_BCOPY 1
#define HAVE_BZERO 1
#define HAVE_ETHER_ADDRESS_STRUCT 1
#define HAVE_ETHER_HEADER_STRUCT 1
#define HAVE_FEENABLEEXCEPT 1
#define HAVE_FENV_H 1
#define HAVE_GETRUSAGE 1
#define HAVE_INT64 1
#define HAVE_INTTYPES_H 1
#define HAVE_LIBM 1
#define HAVE_LIBOTCL1_12 1
#define HAVE_LIBTCL8_4 1
#define HAVE_LIBTCLCL 1
#define HAVE_LIBTK8_4 1
#define HAVE_MEMORY_H 1
#define HAVE_NETINET_IN_H 1
#define HAVE_NET_ETHERNET_H 1
#define HAVE_OTCL_H 1
#define HAVE_SBRK 1
#define HAVE_SIOCGIFHWADDR 1
#define HAVE_SNPRINTF 1
#define HAVE_SOCKLEN_T 1
#define HAVE_STDINT_H 1
#define HAVE_STDLIB_H 1
#define HAVE_STL 1
#define HAVE_STRINGS_H 1
#define HAVE_STRINGS_H 1
#define HAVE_STRING_H 1
#define HAVE_STRING_H 1
#define HAVE_STRING_H 1
#define HAVE_STRTOLL 1
#define HAVE_STRTOQ 1
#define HAVE_SYS_STAT_H 1
#define HAVE_SYS_TYPES_H 1
#define HAVE_TCLCL_H 1
#define HAVE_TCL_H 1
#define HAVE_TIME_H 1
#define HAVE_TK_H 1
#define HAVE_UNISTD_H 1
#define HAVE_UNISTD_H 1
#define PACKAGE_BUGREPORT ""
#define PACKAGE_NAME ""
#define PACKAGE_STRING ""
#define PACKAGE_TARNAME ""
#define PACKAGE_VERSION ""
#define RANDOM_RETURN_TYPE long
#define SIZEOF_LONG 4
#define STDC_HEADERS 1
#define STDC_HEADERS 1
#define _GNU_SOURCE 1
#endif
#ifdef __cplusplus
extern "C" void exit (int) throw ();

configure: exit 0
